Case #1: SOUP
Case #2: AMBIGUOUS
Case #3: AMBIGUOUS
Case #4: AMBIGUOUS
Case #5: AMBIGUOUS
Case #6: YG
Case #7: AMBIGUOUS
Case #8: BNZU
Case #9: BLAM
Case #10: KNYL
Case #11: AAAA
Case #12: AMBIGUOUS
Case #13: QUSX
Case #14: FKRB
Case #15: JGSK
Case #16: VTWI
Case #17: DBUN
Case #18: GZCJ
Case #19: AMBIGUOUS
Case #20: OVII
Case #21: YT
Case #22: HYYY
Case #23: EUJX
Case #24: SZ
Case #25: AMBIGUOUS
Case #26: UGJY
Case #27: XRPI
Case #28: KNTJ
Case #29: VOUK
Case #30: XXZE
Case #31: QZZO
Case #32: HSJQ
Case #33: WMSD
Case #34: SS
Case #35: FFCF
Case #36: MVOL
Case #37: KY
Case #38: HETE
Case #39: DDIF
Case #40: NRXY
Case #41: AMBIGUOUS
Case #42: LAYU
Case #43: GCFO
Case #44: OBGB
Case #45: RT
Case #46: FCLZ
Case #47: WJPI
Case #48: FGTF
Case #49: KDZV
Case #50: YC
Case #51: WUNN
Case #52: COUC
Case #53: AA
Case #54: VH
Case #55: QPBF
Case #56: AMBIGUOUS
Case #57: XX
Case #58: AMBIGUOUS
Case #59: GO
Case #60: CC
Case #61: XBBM
Case #62: RGNN
Case #63: AMBIGUOUS
Case #64: VKFY
Case #65: LFBJ
Case #66: KHBA
Case #67: TZ
Case #68: BIBM
Case #69: JSJL
Case #70: LR
Case #71: FEBP
Case #72: IIEP
Case #73: YRYA
Case #74: AMBIGUOUS
Case #75: AMBIGUOUS
Case #76: HZFD
Case #77: MCJK
Case #78: AMBIGUOUS
Case #79: HZGF
Case #80: AMBIGUOUS
Case #81: OPIF
Case #82: PGMG
Case #83: KNZC
Case #84: BAZZ
Case #85: ZZ
Case #86: ZKXC
Case #87: FXAH
Case #88: TQDO
Case #89: AMBIGUOUS
Case #90: LZIK
Case #91: AMBIGUOUS
Case #92: JPFP
Case #93: YUDR
Case #94: FLKN
Case #95: PP
Case #96: PWIQ
Case #97: CUOF
Case #98: PWBW
Case #99: AMBIGUOUS
Case #100: DHUG
