FIKACGNXUPQMKFPCGYTRQOQLFJVFVPBGXEKRBEA
TNVRSRTMFLSSLVGVSRRNRVVSQNUSGLGGIQSGLPN
TRRTRSTRSUTTTSRSSSTTUSTUUUSRSUUTURURRTR
JLGNOOJOKHKGHOKOOJLOJLGKNOOHOKHHKNOKHKN
SFEEEGHHHRQRRBAABNMMNOPOPDDDDKLLLIIIIAA
CKZVQTNDFIJIEJNGXWLOMCAREDTMXEZGXWLNWBM
TAALAAMHAAIDAAEFAAGNAAOJAAKRAASPAAQBAAC
YFFGFFHQFFRUFFVOFFPWFFXSFFTMFFNKFFLIFFJ
IDDEGIFHDEDEGHGEDEEIFIFHDGDGIDFIFHGIFHA
FXFSLRHSBTFJXTNLMZLRURRKNMILKYSUIZHXAAA
TLSRLWSQTMNJYMGYOTRWDKNGRLTNIMJSWUQNYLN
JIKMIJMNJIKIKNLKIMOIILILJNJLIOOLJNJOKIM
IGHJHJGGIGGGJGHJJIJIHIIHIHJJJJIJJIJHGGH
RCKLRSCQCGVXCMMNVCIWUVSIUKBFCRALBOFBKAJ
VCTCCUFCCGJCCKDCCENCCOHCCIPCCQRCCSLCCMA
MKJLKKJMJMJKJKMJJMJKMJJMJLKMKLMLMMJJLMK
QJANHYWIXNSQUVZUMUMUEXRFILNUSIXTUNCTCWO
YMBVFVFNMVYAONVYAAOYMOYMBYAOYBVFNDNVYAA
FMDMMENMMORMMSPMMQTMMUBMMCZMMAVMMWXMMYA
PWNUSAXWCTVUCAFZOVJQSZACQVUVMXNRXQVYUCV
NRSSSRPNNRSQPMMLPLNSQQQLQPMLPLNQQQSRKPR
HOOTOOUZOOAVOOWROOSBOOCDOOEXOOYPOOQFOOG
HGJJJFGJJHFEIFFHEIIEFFGFIJJFFEGHJJFJIHI
YKHVKHBFKHKGKHSFKHDRKHROKHYIKHYFKHKWKHF
CIIFIEEEEJJJGGRNQGCRCNBNEONBRCIOPQNNPRF
STSFEEEJJIJCCCDHHHGLKKKMMMMOPOPRRRQAABB
MNNIFJKNEMNMNIFNNMNNMNIEMNNNNNMHNEMNIFJ
BCOEEMPGGYOYPFOMXWSJMCQRZHZDKTJZANPIJTF
CUSVADNVQACIYCKCWTTFKWSTHVRRIHTCIUBGZJS
NFSGLESGRMDBEFFLRBUUHEEQUOQHEKROOQUNEMB
UOJOIEDSFIWVWWNLCPPCNXWZIPWHNRHPPKNKVYJ
PPOOJJIIHHHHCCDCKKKLMMNMRRQQABBBFFEEAAA
KLHADYMJPSIGWHVKGPBNMQNZLFYWRIQQIZYZQNF
POQRTRXWYYYYUOWTVSWWOVXPQXXPRURXWPRTTST
KEDIGEPLRHTSHROGOQKSJMMLTGTFJPLPIOEDGAA
SSFFEEGHGHOOPOBABAMNNMCCCDQQRRJIJJLKLKA
EULLVCLLDOLLPSLLTALLBWLLXQLLRYLLZMLLNAA
XNGANGOFNGZNNGJKNGTMNGLVNGADNGOBNGRTDNG
OWKJXIFINTDSYULWCXCWOBDQRQLGXGYUXCFRWLQ
GNJMHIFNJIONKLOIHNFOHNNJNINIHNLGKKJJNJF
IITALQQAXEDSVNEVVGKPUQWEANABZOPXWPCQCPX
DGOUOKTLDGOWZBJOFPGLBKXJRPQNPMIMUVSWMQI
FURSBMAENWFBLBOQQKNMOEHYENSDMFHCELWNXYV
MIMGSRJIQCFTHLBWQGMABMIGPDKZOHKILTWGAAA
GDJKDJUHDJOTDJBTDJLADJNADJGKDJTWDJDJDJW
UOOUSVNVNSTRVMNMVQUNVSOTTMPOWRRMWVNNWUW
NBYLQVCAQKEPVCFDPCVSFGOPBPIPSGJSOGHLIVV
NOUJQPKQPKXSNOUMNIQMNIQXXMGUIYOSMNIIYOZ
TVSYSXSVXZYXSYSYXXRZTVSYTVSYZSXSSVUXAAA
OTMTJLTITLCOLTITTITTMMTJSTTMTFLCOCOLTAA
NTSTQDWTQQBTSTSTQHVTQRQTQGOTQVHTQFZTQZA
QSPPOKNNNPOMSMLQSLOJKQQOOOMKMMRNQSSMJMM
KSTLOFJRDDRILQSTTLEPUIISVPMOQVSIRLWFLIF
AHOHHPQHHRMHHNSHHTKHHLUHHVWHHXIHHJYHHZA
SHHGHCDCDRQQRFEEFNNNMAABAJJIIPOOOLLLKAA
ZCLWDOAEAOOHPVXWMUXTJOAGTGOQUTFRIVTHXAA
LPGRZJSHNRYKYGQQMCFDFUNLONDWAAIAIGMBNLP
NHROKDCKHLLYTHNJHOGQRWYMTEGXUZNZGBRECKA
PDKMHUVQOMUPMSCUNOPRKJHRFUQICVMCFHRHEVI
OJGTLJSOUSHHHQTSNHNQMMUSMKKUIOKKJOONLPS
YPSGXCYQGPXCYPSXCYPPSQGGPXNEGXCXEGXSQGP
WMSVUVSXNTYSUTYSUUUMSVWUOUVSXNUOTNONSAA
FNPJFRTHROQKDRQHMIJDHGDGOJIEJTLMLGHEJKE
NMJIKKJJNKNJINMIMLMJMLJKIJNJMKIKLMHMNMJ
RBFQBFZKBFOABFTGBFFQBFLHBFAQBFLCBFCNBFX
