126 49 1466253110.28
next 1466253111.28
70 278 1466253111.28
275 179 1466253112.28
next 1466253113.28
70 278 1466253113.28
170 74 1466253114.28
next 1466253115.28
70 179 1466253115.28
next 1466253116.28
482 74 1466253116.28
170 179 1466253117.28
next 1466253118.28
next 1466253148.28
482 74 1466253148.28
482 74 1466253149.28
482 74 1466253150.28
482 74 1466253151.28
482 74 1466253152.28
482 74 1466253153.28
482 74 1466253154.28
482 74 1466253155.28
482 74 1466253156.28
482 74 1466253157.28
482 74 1466253158.28
482 74 1466253159.28
next 1466253160.28
next 1466253190.28
70 278 1466253190.28
70 278 1466253191.28
70 278 1466253192.28
70 278 1466253193.28
70 278 1466253194.28
70 278 1466253195.28
70 278 1466253196.28
70 278 1466253197.28
70 278 1466253198.28
70 278 1466253199.28
70 278 1466253200.28
70 278 1466253201.28
70 278 1466253202.28
70 278 1466253203.28
next 1466253204.28
126 49 1466253204.28
next 1466253205.28
next 1466253235.28
170 179 1466253235.28
70 278 1466253236.28
next 1466253237.28
170 74 1466253237.28
482 179 1466253238.28
next 1466253239.28
482 179 1466253239.28
275 278 1466253240.28
next 1466253241.28
482 179 1466253241.28
482 179 1466253242.28
482 179 1466253243.28
482 179 1466253244.28
482 179 1466253245.28
482 179 1466253246.28
482 179 1466253247.28
482 179 1466253248.28
482 179 1466253249.28
482 179 1466253250.28
482 179 1466253251.28
482 179 1466253252.28
next 1466253253.28
126 49 1466253253.28
next 1466253254.28
482 278 1466253254.28
70 74 1466253255.28
next 1466253256.28
next 1466253286.28
next 1466253316.28
482 278 1466253316.28
170 74 1466253317.28
next 1466253318.28
126 49 1466253318.28
next 1466253319.28
70 278 1466253319.28
275 179 1466253320.28
next 1466253321.28
275 179 1466253321.28
275 179 1466253322.28
275 179 1466253323.28
275 179 1466253324.28
275 179 1466253325.28
275 179 1466253326.28
275 179 1466253327.28
275 179 1466253328.28
275 179 1466253329.28
275 179 1466253330.28
275 179 1466253331.28
275 179 1466253332.28
275 179 1466253333.28
275 179 1466253334.28
next 1466253335.28
275 179 1466253335.28
275 179 1466253336.28
275 179 1466253337.28
275 179 1466253338.28
275 179 1466253339.28
275 179 1466253340.28
275 179 1466253341.28
275 179 1466253342.28
275 179 1466253343.28
275 179 1466253344.28
275 179 1466253345.28
275 179 1466253346.28
275 179 1466253347.28
275 179 1466253348.28
275 179 1466253349.28
275 179 1466253350.28
275 179 1466253351.28
275 179 1466253352.28
next 1466253353.28
70 74 1466253353.28
next 1466253354.28
275 74 1466253354.28
275 74 1466253355.28
275 74 1466253356.28
275 74 1466253357.28
275 74 1466253358.28
275 74 1466253359.28
275 74 1466253360.28
275 74 1466253361.28
275 74 1466253362.28
275 74 1466253363.28
275 74 1466253364.28
275 74 1466253365.28
275 74 1466253366.28
275 74 1466253367.28
275 74 1466253368.28
275 74 1466253369.28
275 74 1466253370.28
275 74 1466253371.28
next 1466253372.28
next 1466253402.28
170 278 1466253402.28
next 1466253403.28
126 49 1466253403.28
next 1466253404.28
next 1466253434.28
126 49 1466253434.28
next 1466253435.28
170 74 1466253435.28
170 179 1466253436.28
next 1466253437.28
275 278 1466253437.28
170 278 1466253438.28
next 1466253439.28
170 278 1466253439.28
170 278 1466253440.28
170 278 1466253441.28
170 278 1466253442.28
170 278 1466253443.28
170 278 1466253444.28
170 278 1466253445.28
170 278 1466253446.28
170 278 1466253447.28
170 278 1466253448.28
170 278 1466253449.28
next 1466253450.28
126 49 1466253450.28
next 1466253451.28
70 179 1466253451.28
170 179 1466253452.28
next 1466253453.28
70 179 1466253453.28
next 1466253454.28
70 179 1466253454.28
next 1466253455.28
170 278 1466253455.28
next 1466253456.28
next 1466253486.28
126 49 1466253486.28
next 1466253487.28
482 74 1466253487.28
482 74 1466253488.28
482 74 1466253489.28
482 74 1466253490.28
482 74 1466253491.28
482 74 1466253492.28
482 74 1466253493.28
482 74 1466253494.28
482 74 1466253495.28
482 74 1466253496.28
482 74 1466253497.28
482 74 1466253498.28
482 74 1466253499.28
482 74 1466253500.28
482 74 1466253501.28
482 74 1466253502.28
next 1466253503.28
170 278 1466253503.28
next 1466253504.28
275 278 1466253504.28
275 278 1466253505.28
275 278 1466253506.28
275 278 1466253507.28
275 278 1466253508.28
275 278 1466253509.28
275 278 1466253510.28
275 278 1466253511.28
275 278 1466253512.28
275 278 1466253513.28
275 278 1466253514.28
275 278 1466253515.28
275 278 1466253516.28
next 1466253517.28
275 179 1466253517.28
275 179 1466253518.28
275 179 1466253519.28
275 179 1466253520.28
275 179 1466253521.28
275 179 1466253522.28
275 179 1466253523.28
275 179 1466253524.28
275 179 1466253525.28
275 179 1466253526.28
275 179 1466253527.28
275 179 1466253528.28
next 1466253529.28
170 179 1466253529.28
next 1466253530.28
70 278 1466253530.28
next 1466253531.28
next 1466253561.28
275 278 1466253561.28
275 278 1466253562.28
275 278 1466253563.28
275 278 1466253564.28
275 278 1466253565.28
275 278 1466253566.28
275 278 1466253567.28
275 278 1466253568.28
275 278 1466253569.28
275 278 1466253570.28
275 278 1466253571.28
275 278 1466253572.28
275 278 1466253573.28
275 278 1466253574.28
275 278 1466253575.28
275 278 1466253576.28
next 1466253577.28
126 49 1466253577.28
next 1466253578.28
170 278 1466253578.28
170 278 1466253579.28
170 278 1466253580.28
170 278 1466253581.28
170 278 1466253582.28
170 278 1466253583.28
170 278 1466253584.28
170 278 1466253585.28
170 278 1466253586.28
170 278 1466253587.28
170 278 1466253588.28
170 278 1466253589.28
170 278 1466253590.28
170 278 1466253591.28
170 278 1466253592.28
next 1466253593.28
next 1466253623.28
next 1466253653.28
275 278 1466253653.28
70 278 1466253654.28
next 1466253655.28
482 74 1466253655.28
next 1466253656.28
70 74 1466253656.28
next 1466253657.28
126 49 1466253657.28
next 1466253658.28
170 278 1466253658.28
170 278 1466253659.28
170 278 1466253660.28
170 278 1466253661.28
170 278 1466253662.28
170 278 1466253663.28
170 278 1466253664.28
170 278 1466253665.28
170 278 1466253666.28
170 278 1466253667.28
170 278 1466253668.28
170 278 1466253669.28
170 278 1466253670.28
170 278 1466253671.28
170 278 1466253672.28
170 278 1466253673.28
next 1466253674.28
126 49 1466253674.28
next 1466253675.28
482 278 1466253675.28
next 1466253676.28
126 49 1466253676.28
next 1466253677.28
next 1466253707.28
275 179 1466253707.28
170 278 1466253708.28
next 1466253709.28
170 74 1466253709.28
next 1466253710.28
next 1466253740.28
275 278 1466253740.28
482 179 1466253741.28
next 1466253742.28
482 278 1466253742.28
482 278 1466253743.28
482 278 1466253744.28
482 278 1466253745.28
482 278 1466253746.28
482 278 1466253747.28
482 278 1466253748.28
482 278 1466253749.28
482 278 1466253750.28
482 278 1466253751.28
482 278 1466253752.28
482 278 1466253753.28
next 1466253754.28
126 49 1466253754.28
next 1466253755.28
170 179 1466253755.28
next 1466253756.28
next 1466253786.28
126 49 1466253786.28
next 1466253787.28
482 278 1466253787.28
482 278 1466253788.28
482 278 1466253789.28
482 278 1466253790.28
482 278 1466253791.28
482 278 1466253792.28
482 278 1466253793.28
482 278 1466253794.28
482 278 1466253795.28
482 278 1466253796.28
482 278 1466253797.28
482 278 1466253798.28
482 278 1466253799.28
482 278 1466253800.28
482 278 1466253801.28
482 278 1466253802.28
next 1466253803.28
next 1466253833.28
next 1466253863.28
126 49 1466253863.28
next 1466253864.28
275 74 1466253864.28
275 74 1466253865.28
275 74 1466253866.28
275 74 1466253867.28
275 74 1466253868.28
275 74 1466253869.28
275 74 1466253870.28
275 74 1466253871.28
275 74 1466253872.28
275 74 1466253873.28
275 74 1466253874.28
next 1466253875.28
275 74 1466253875.28
275 74 1466253876.28
275 74 1466253877.28
275 74 1466253878.28
275 74 1466253879.28
275 74 1466253880.28
275 74 1466253881.28
275 74 1466253882.28
275 74 1466253883.28
275 74 1466253884.28
275 74 1466253885.28
275 74 1466253886.28
275 74 1466253887.28
next 1466253888.28
482 74 1466253888.28
next 1466253889.28
482 74 1466253889.28
482 74 1466253890.28
482 74 1466253891.28
482 74 1466253892.28
482 74 1466253893.28
482 74 1466253894.28
482 74 1466253895.28
482 74 1466253896.28
482 74 1466253897.28
482 74 1466253898.28
482 74 1466253899.28
482 74 1466253900.28
482 74 1466253901.28
next 1466253902.28
275 179 1466253902.28
275 74 1466253903.28
next 1466253904.28
126 49 1466253904.28
next 1466253905.28
482 74 1466253905.28
275 74 1466253906.28
next 1466253907.28
70 278 1466253907.28
70 278 1466253908.28
70 278 1466253909.28
70 278 1466253910.28
70 278 1466253911.28
70 278 1466253912.28
70 278 1466253913.28
70 278 1466253914.28
70 278 1466253915.28
70 278 1466253916.28
70 278 1466253917.28
70 278 1466253918.28
70 278 1466253919.28
70 278 1466253920.28
70 278 1466253921.28
70 278 1466253922.28
70 278 1466253923.28
70 278 1466253924.28
next 1466253925.28
482 179 1466253925.28
70 74 1466253926.28
next 1466253927.28
next 1466253957.28
482 179 1466253957.28
482 179 1466253958.28
482 179 1466253959.28
482 179 1466253960.28
482 179 1466253961.28
482 179 1466253962.28
482 179 1466253963.28
482 179 1466253964.28
482 179 1466253965.28
482 179 1466253966.28
482 179 1466253967.28
482 179 1466253968.28
482 179 1466253969.28
482 179 1466253970.28
482 179 1466253971.28
482 179 1466253972.28
next 1466253973.28
70 179 1466253973.28
70 179 1466253974.28
70 179 1466253975.28
70 179 1466253976.28
70 179 1466253977.28
70 179 1466253978.28
70 179 1466253979.28
70 179 1466253980.28
70 179 1466253981.28
70 179 1466253982.28
70 179 1466253983.28
70 179 1466253984.28
70 179 1466253985.28
next 1466253986.28
70 179 1466253986.28
70 179 1466253987.28
70 179 1466253988.28
70 179 1466253989.28
70 179 1466253990.28
70 179 1466253991.28
70 179 1466253992.28
70 179 1466253993.28
70 179 1466253994.28
70 179 1466253995.28
70 179 1466253996.28
70 179 1466253997.28
70 179 1466253998.28
70 179 1466253999.28
70 179 1466254000.28
next 1466254001.28
482 278 1466254001.28
482 278 1466254002.28
482 278 1466254003.28
482 278 1466254004.28
482 278 1466254005.28
482 278 1466254006.28
482 278 1466254007.28
482 278 1466254008.28
482 278 1466254009.28
482 278 1466254010.28
482 278 1466254011.28
482 278 1466254012.28
482 278 1466254013.28
482 278 1466254014.28
482 278 1466254015.28
next 1466254016.28
70 74 1466254016.28
482 179 1466254017.28
next 1466254018.28
482 74 1466254018.28
482 74 1466254019.28
482 74 1466254020.28
482 74 1466254021.28
482 74 1466254022.28
482 74 1466254023.28
482 74 1466254024.28
482 74 1466254025.28
482 74 1466254026.28
482 74 1466254027.28
482 74 1466254028.28
482 74 1466254029.28
482 74 1466254030.28
482 74 1466254031.28
482 74 1466254032.28
482 74 1466254033.28
482 74 1466254034.28
482 74 1466254035.28
482 74 1466254036.28
482 74 1466254037.28
next 1466254038.28
next 1466254068.28
126 49 1466254068.28
next 1466254069.28
next 1466254099.28
126 49 1466254099.28
next 1466254100.28
70 74 1466254100.28
482 179 1466254101.28
next 1466254102.28
170 179 1466254102.28
next 1466254103.28
next 1466254133.28
275 74 1466254133.28
next 1466254134.28
70 179 1466254134.28
next 1466254135.28
170 278 1466254135.28
next 1466254136.28
482 278 1466254136.28
275 278 1466254137.28
next 1466254138.28
126 49 1466254138.28
next 1466254139.28
next 1466254169.28
126 49 1466254169.28
next 1466254170.28
next 1466254200.28
482 179 1466254200.28
next 1466254201.28
70 278 1466254201.28
70 278 1466254202.28
70 278 1466254203.28
70 278 1466254204.28
70 278 1466254205.28
70 278 1466254206.28
70 278 1466254207.28
70 278 1466254208.28
70 278 1466254209.28
70 278 1466254210.28
70 278 1466254211.28
70 278 1466254212.28
70 278 1466254213.28
70 278 1466254214.28
next 1466254215.28
170 74 1466254215.28
170 74 1466254216.28
170 74 1466254217.28
170 74 1466254218.28
170 74 1466254219.28
170 74 1466254220.28
170 74 1466254221.28
170 74 1466254222.28
170 74 1466254223.28
170 74 1466254224.28
170 74 1466254225.28
170 74 1466254226.28
170 74 1466254227.28
170 74 1466254228.28
170 74 1466254229.28
next 1466254230.28
next 1466254260.28
482 278 1466254260.28
170 278 1466254261.28
next 1466254262.28
126 49 1466254262.28
next 1466254263.28
next 1466254293.28
70 278 1466254293.28
next 1466254294.28
170 74 1466254294.28
170 74 1466254295.28
170 74 1466254296.28
170 74 1466254297.28
170 74 1466254298.28
170 74 1466254299.28
170 74 1466254300.28
170 74 1466254301.28
170 74 1466254302.28
170 74 1466254303.28
next 1466254304.28
126 49 1466254304.28
next 1466254305.28
70 179 1466254305.28
next 1466254306.28
126 49 1466254306.28
next 1466254307.28
next 1466254337.28
126 49 1466254337.28
next 1466254338.28
275 74 1466254338.28
482 278 1466254339.28
next 1466254340.28
275 278 1466254340.28
next 1466254341.28
next 1466254371.28
126 49 1466254371.28
next 1466254372.28
482 74 1466254372.28
next 1466254373.28
126 49 1466254373.28
next 1466254374.28
next 1466254404.28
70 278 1466254404.28
next 1466254405.28
next 1466254435.28
70 278 1466254435.28
70 278 1466254436.28
70 278 1466254437.28
70 278 1466254438.28
70 278 1466254439.28
70 278 1466254440.28
70 278 1466254441.28
70 278 1466254442.28
70 278 1466254443.28
70 278 1466254444.28
70 278 1466254445.28
70 278 1466254446.28
70 278 1466254447.28
70 278 1466254448.28
70 278 1466254449.28
next 1466254450.28
126 49 1466254450.28
next 1466254451.28
70 179 1466254451.28
next 1466254452.28
70 179 1466254452.28
275 278 1466254453.28
next 1466254454.28
482 278 1466254454.28
482 74 1466254455.28
next 1466254456.28
70 74 1466254456.28
170 278 1466254457.28
next 1466254458.28
482 278 1466254458.28
next 1466254459.28
70 278 1466254459.28
next 1466254460.28
275 278 1466254460.28
275 278 1466254461.28
275 278 1466254462.28
275 278 1466254463.28
275 278 1466254464.28
275 278 1466254465.28
275 278 1466254466.28
275 278 1466254467.28
275 278 1466254468.28
275 278 1466254469.28
275 278 1466254470.28
275 278 1466254471.28
275 278 1466254472.28
275 278 1466254473.28
275 278 1466254474.28
275 278 1466254475.28
275 278 1466254476.28
275 278 1466254477.28
next 1466254478.28
126 49 1466254478.28
next 1466254479.28
70 74 1466254479.28
70 74 1466254480.28
70 74 1466254481.28
70 74 1466254482.28
70 74 1466254483.28
70 74 1466254484.28
70 74 1466254485.28
70 74 1466254486.28
70 74 1466254487.28
70 74 1466254488.28
70 74 1466254489.28
70 74 1466254490.28
70 74 1466254491.28
70 74 1466254492.28
70 74 1466254493.28
70 74 1466254494.28
next 1466254495.28
126 49 1466254495.28
next 1466254496.28
482 278 1466254496.28
70 278 1466254497.28
next 1466254498.28
next 1466254528.28
126 49 1466254528.28
next 1466254529.28
482 74 1466254529.28
next 1466254530.28
70 74 1466254530.28
70 74 1466254531.28
70 74 1466254532.28
70 74 1466254533.28
70 74 1466254534.28
70 74 1466254535.28
70 74 1466254536.28
70 74 1466254537.28
70 74 1466254538.28
70 74 1466254539.28
70 74 1466254540.28
70 74 1466254541.28
70 74 1466254542.28
70 74 1466254543.28
70 74 1466254544.28
70 74 1466254545.28
next 1466254546.28
170 278 1466254546.28
next 1466254547.28
126 49 1466254547.28
next 1466254548.28
482 278 1466254548.28
next 1466254549.28
126 49 1466254549.28
next 1466254550.28
275 278 1466254550.28
275 278 1466254551.28
275 278 1466254552.28
275 278 1466254553.28
275 278 1466254554.28
275 278 1466254555.28
275 278 1466254556.28
275 278 1466254557.28
275 278 1466254558.28
275 278 1466254559.28
275 278 1466254560.28
275 278 1466254561.28
275 278 1466254562.28
275 278 1466254563.28
275 278 1466254564.28
next 1466254565.28
482 179 1466254565.28
482 179 1466254566.28
482 179 1466254567.28
482 179 1466254568.28
482 179 1466254569.28
482 179 1466254570.28
482 179 1466254571.28
482 179 1466254572.28
482 179 1466254573.28
482 179 1466254574.28
482 179 1466254575.28
482 179 1466254576.28
482 179 1466254577.28
482 179 1466254578.28
482 179 1466254579.28
482 179 1466254580.28
482 179 1466254581.28
next 1466254582.28
482 278 1466254582.28
next 1466254583.28
170 278 1466254583.28
next 1466254584.28
next 1466254614.28
126 49 1466254614.28
next 1466254615.28
482 278 1466254615.28
next 1466254616.28
70 179 1466254616.28
70 179 1466254617.28
70 179 1466254618.28
70 179 1466254619.28
70 179 1466254620.28
70 179 1466254621.28
70 179 1466254622.28
70 179 1466254623.28
70 179 1466254624.28
70 179 1466254625.28
70 179 1466254626.28
70 179 1466254627.28
70 179 1466254628.28
70 179 1466254629.28
70 179 1466254630.28
70 179 1466254631.28
70 179 1466254632.28
next 1466254633.28
70 179 1466254633.28
70 179 1466254634.28
70 179 1466254635.28
70 179 1466254636.28
70 179 1466254637.28
70 179 1466254638.28
70 179 1466254639.28
70 179 1466254640.28
70 179 1466254641.28
70 179 1466254642.28
70 179 1466254643.28
70 179 1466254644.28
70 179 1466254645.28
next 1466254646.28
70 278 1466254646.28
next 1466254647.28
70 278 1466254647.28
70 278 1466254648.28
70 278 1466254649.28
70 278 1466254650.28
70 278 1466254651.28
70 278 1466254652.28
70 278 1466254653.28
70 278 1466254654.28
70 278 1466254655.28
70 278 1466254656.28
70 278 1466254657.28
70 278 1466254658.28
70 278 1466254659.28
70 278 1466254660.28
70 278 1466254661.28
70 278 1466254662.28
70 278 1466254663.28
70 278 1466254664.28
70 278 1466254665.28
70 278 1466254666.28
next 1466254667.28
126 49 1466254667.28
next 1466254668.28
170 74 1466254668.28
170 74 1466254669.28
170 74 1466254670.28
170 74 1466254671.28
170 74 1466254672.28
170 74 1466254673.28
170 74 1466254674.28
170 74 1466254675.28
170 74 1466254676.28
170 74 1466254677.28
170 74 1466254678.28
170 74 1466254679.28
170 74 1466254680.28
170 74 1466254681.28
170 74 1466254682.28
170 74 1466254683.28
170 74 1466254684.28
next 1466254685.28
next 1466254715.28
next 1466254745.28
70 74 1466254745.28
70 74 1466254746.28
70 74 1466254747.28
70 74 1466254748.28
70 74 1466254749.28
70 74 1466254750.28
70 74 1466254751.28
70 74 1466254752.28
70 74 1466254753.28
70 74 1466254754.28
70 74 1466254755.28
70 74 1466254756.28
70 74 1466254757.28
70 74 1466254758.28
70 74 1466254759.28
70 74 1466254760.28
next 1466254761.28
126 49 1466254761.28
next 1466254762.28
next 1466254792.28
70 179 1466254792.28
next 1466254793.28
170 74 1466254793.28
next 1466254794.28
next 1466254824.28
275 278 1466254824.28
275 278 1466254825.28
275 278 1466254826.28
275 278 1466254827.28
275 278 1466254828.28
275 278 1466254829.28
275 278 1466254830.28
275 278 1466254831.28
275 278 1466254832.28
275 278 1466254833.28
275 278 1466254834.28
275 278 1466254835.28
275 278 1466254836.28
275 278 1466254837.28
275 278 1466254838.28
275 278 1466254839.28
275 278 1466254840.28
275 278 1466254841.28
275 278 1466254842.28
275 278 1466254843.28
next 1466254844.28
126 49 1466254844.28
next 1466254845.28
next 1466254875.28
70 74 1466254875.28
70 74 1466254876.28
70 74 1466254877.28
70 74 1466254878.28
70 74 1466254879.28
70 74 1466254880.28
70 74 1466254881.28
70 74 1466254882.28
70 74 1466254883.28
70 74 1466254884.28
70 74 1466254885.28
70 74 1466254886.28
70 74 1466254887.28
70 74 1466254888.28
70 74 1466254889.28
next 1466254890.28
170 179 1466254890.28
next 1466254891.28
170 278 1466254891.28
482 278 1466254892.28
next 1466254893.28
70 179 1466254893.28
275 179 1466254894.28
next 1466254895.28
275 74 1466254895.28
next 1466254896.28
next 1466254926.28
70 179 1466254926.28
70 179 1466254927.28
70 179 1466254928.28
70 179 1466254929.28
70 179 1466254930.28
70 179 1466254931.28
70 179 1466254932.28
70 179 1466254933.28
70 179 1466254934.28
70 179 1466254935.28
70 179 1466254936.28
70 179 1466254937.28
70 179 1466254938.28
70 179 1466254939.28
70 179 1466254940.28
70 179 1466254941.28
70 179 1466254942.28
70 179 1466254943.28
70 179 1466254944.28
70 179 1466254945.28
next 1466254946.28
126 49 1466254946.28
next 1466254947.28
next 1466254977.28
275 74 1466254977.28
275 74 1466254978.28
275 74 1466254979.28
275 74 1466254980.28
275 74 1466254981.28
275 74 1466254982.28
275 74 1466254983.28
275 74 1466254984.28
275 74 1466254985.28
275 74 1466254986.28
275 74 1466254987.28
275 74 1466254988.28
275 74 1466254989.28
275 74 1466254990.28
275 74 1466254991.28
275 74 1466254992.28
275 74 1466254993.28
275 74 1466254994.28
275 74 1466254995.28
next 1466254996.28
70 179 1466254996.28
next 1466254997.28
170 278 1466254997.28
next 1466254998.28
482 179 1466254998.28
482 179 1466254999.28
482 179 1466255000.28
482 179 1466255001.28
482 179 1466255002.28
482 179 1466255003.28
482 179 1466255004.28
482 179 1466255005.28
482 179 1466255006.28
482 179 1466255007.28
482 179 1466255008.28
482 179 1466255009.28
482 179 1466255010.28
482 179 1466255011.28
482 179 1466255012.28
482 179 1466255013.28
next 1466255014.28
275 74 1466255014.28
next 1466255015.28
482 179 1466255015.28
next 1466255016.28
next 1466255046.28
275 179 1466255046.28
482 179 1466255047.28
next 1466255048.28
70 278 1466255048.28
482 179 1466255049.28
next 1466255050.28
275 278 1466255050.28
170 179 1466255051.28
next 1466255052.28
70 179 1466255052.28
70 179 1466255053.28
70 179 1466255054.28
70 179 1466255055.28
70 179 1466255056.28
70 179 1466255057.28
70 179 1466255058.28
70 179 1466255059.28
70 179 1466255060.28
70 179 1466255061.28
70 179 1466255062.28
70 179 1466255063.28
70 179 1466255064.28
70 179 1466255065.28
70 179 1466255066.28
70 179 1466255067.28
70 179 1466255068.28
70 179 1466255069.28
next 1466255070.28
70 74 1466255070.28
482 179 1466255071.28
next 1466255072.28
70 179 1466255072.28
70 179 1466255073.28
70 179 1466255074.28
70 179 1466255075.28
70 179 1466255076.28
70 179 1466255077.28
70 179 1466255078.28
70 179 1466255079.28
70 179 1466255080.28
70 179 1466255081.28
70 179 1466255082.28
next 1466255083.28
170 278 1466255083.28
70 179 1466255084.28
next 1466255085.28
next 1466255115.28
275 179 1466255115.28
275 179 1466255116.28
275 179 1466255117.28
275 179 1466255118.28
275 179 1466255119.28
275 179 1466255120.28
275 179 1466255121.28
275 179 1466255122.28
275 179 1466255123.28
275 179 1466255124.28
275 179 1466255125.28
next 1466255126.28
170 74 1466255126.28
70 278 1466255127.28
next 1466255128.28
126 49 1466255128.28
next 1466255129.28
next 1466255159.28
126 49 1466255159.28
next 1466255160.28
275 278 1466255160.28
482 179 1466255161.28
next 1466255162.28
275 74 1466255162.28
70 278 1466255163.28
next 1466255164.28
70 278 1466255164.28
next 1466255165.28
126 49 1466255165.28
next 1466255166.28
482 179 1466255166.28
next 1466255167.28
275 74 1466255167.28
next 1466255168.28
275 179 1466255168.28
next 1466255169.28
275 278 1466255169.28
275 278 1466255170.28
275 278 1466255171.28
275 278 1466255172.28
275 278 1466255173.28
275 278 1466255174.28
275 278 1466255175.28
275 278 1466255176.28
275 278 1466255177.28
275 278 1466255178.28
275 278 1466255179.28
275 278 1466255180.28
275 278 1466255181.28
275 278 1466255182.28
275 278 1466255183.28
275 278 1466255184.28
275 278 1466255185.28
275 278 1466255186.28
275 278 1466255187.28
next 1466255188.28
next 1466255218.28
126 49 1466255218.28
next 1466255219.28
next 1466255249.28
126 49 1466255249.28
next 1466255250.28
next 1466255280.28
126 49 1466255280.28
next 1466255281.28
170 278 1466255281.28
next 1466255282.28
275 278 1466255282.28
next 1466255283.28
170 74 1466255283.28
482 278 1466255284.28
next 1466255285.28
next 1466255315.28
126 49 1466255315.28
next 1466255316.28
next 1466255346.28
next 1466255376.28
next 1466255406.28
170 278 1466255406.28
170 278 1466255407.28
170 278 1466255408.28
170 278 1466255409.28
170 278 1466255410.28
170 278 1466255411.28
170 278 1466255412.28
170 278 1466255413.28
170 278 1466255414.28
170 278 1466255415.28
170 278 1466255416.28
170 278 1466255417.28
170 278 1466255418.28
170 278 1466255419.28
next 1466255420.28
170 179 1466255420.28
482 278 1466255421.28
next 1466255422.28
275 179 1466255422.28
170 74 1466255423.28
next 1466255424.28
126 49 1466255424.28
next 1466255425.28
70 179 1466255425.28
170 278 1466255426.28
next 1466255427.28
482 179 1466255427.28
482 179 1466255428.28
482 179 1466255429.28
482 179 1466255430.28
482 179 1466255431.28
482 179 1466255432.28
482 179 1466255433.28
482 179 1466255434.28
482 179 1466255435.28
482 179 1466255436.28
482 179 1466255437.28
482 179 1466255438.28
482 179 1466255439.28
482 179 1466255440.28
482 179 1466255441.28
482 179 1466255442.28
next 1466255443.28
482 278 1466255443.28
275 74 1466255444.28
next 1466255445.28
126 49 1466255445.28
next 1466255446.28
next 1466255476.28
170 74 1466255476.28
275 278 1466255477.28
next 1466255478.28
126 49 1466255478.28
next 1466255479.28
next 1466255509.28
275 74 1466255509.28
next 1466255510.28
275 74 1466255510.28
70 179 1466255511.28
next 1466255512.28
482 74 1466255512.28
482 74 1466255513.28
482 74 1466255514.28
482 74 1466255515.28
482 74 1466255516.28
482 74 1466255517.28
482 74 1466255518.28
482 74 1466255519.28
482 74 1466255520.28
482 74 1466255521.28
482 74 1466255522.28
next 1466255523.28
275 278 1466255523.28
275 278 1466255524.28
275 278 1466255525.28
275 278 1466255526.28
275 278 1466255527.28
275 278 1466255528.28
275 278 1466255529.28
275 278 1466255530.28
275 278 1466255531.28
275 278 1466255532.28
275 278 1466255533.28
275 278 1466255534.28
275 278 1466255535.28
275 278 1466255536.28
275 278 1466255537.28
275 278 1466255538.28
275 278 1466255539.28
next 1466255540.28
275 74 1466255540.28
275 278 1466255541.28
next 1466255542.28
275 179 1466255542.28
275 179 1466255543.28
275 179 1466255544.28
275 179 1466255545.28
275 179 1466255546.28
275 179 1466255547.28
275 179 1466255548.28
275 179 1466255549.28
275 179 1466255550.28
275 179 1466255551.28
275 179 1466255552.28
275 179 1466255553.28
275 179 1466255554.28
next 1466255555.28
482 74 1466255555.28
482 74 1466255556.28
482 74 1466255557.28
482 74 1466255558.28
482 74 1466255559.28
482 74 1466255560.28
482 74 1466255561.28
482 74 1466255562.28
482 74 1466255563.28
482 74 1466255564.28
482 74 1466255565.28
482 74 1466255566.28
482 74 1466255567.28
482 74 1466255568.28
482 74 1466255569.28
482 74 1466255570.28
next 1466255571.28
482 278 1466255571.28
275 74 1466255572.28
next 1466255573.28
170 179 1466255573.28
170 179 1466255574.28
170 179 1466255575.28
170 179 1466255576.28
170 179 1466255577.28
170 179 1466255578.28
170 179 1466255579.28
170 179 1466255580.28
170 179 1466255581.28
170 179 1466255582.28
170 179 1466255583.28
170 179 1466255584.28
170 179 1466255585.28
170 179 1466255586.28
170 179 1466255587.28
170 179 1466255588.28
170 179 1466255589.28
170 179 1466255590.28
next 1466255591.28
next 1466255621.28
70 74 1466255621.28
482 74 1466255622.28
next 1466255623.28
70 179 1466255623.28
70 179 1466255624.28
70 179 1466255625.28
70 179 1466255626.28
70 179 1466255627.28
70 179 1466255628.28
70 179 1466255629.28
70 179 1466255630.28
70 179 1466255631.28
70 179 1466255632.28
70 179 1466255633.28
70 179 1466255634.28
70 179 1466255635.28
70 179 1466255636.28
70 179 1466255637.28
70 179 1466255638.28
next 1466255639.28
126 49 1466255639.28
next 1466255640.28
70 278 1466255640.28
70 278 1466255641.28
70 278 1466255642.28
70 278 1466255643.28
70 278 1466255644.28
70 278 1466255645.28
70 278 1466255646.28
70 278 1466255647.28
70 278 1466255648.28
70 278 1466255649.28
70 278 1466255650.28
70 278 1466255651.28
70 278 1466255652.28
70 278 1466255653.28
70 278 1466255654.28
70 278 1466255655.28
70 278 1466255656.28
70 278 1466255657.28
next 1466255658.28
126 49 1466255658.28
next 1466255659.28
next 1466255689.28
next 1466255719.28
482 179 1466255719.28
next 1466255720.28
next 1466255750.28
126 49 1466255750.28
next 1466255751.28
275 74 1466255751.28
275 278 1466255752.28
next 1466255753.28
275 74 1466255753.28
170 74 1466255754.28
next 1466255755.28
275 179 1466255755.28
482 278 1466255756.28
next 1466255757.28
70 74 1466255757.28
482 74 1466255758.28
next 1466255759.28
70 179 1466255759.28
275 74 1466255760.28
next 1466255761.28
70 74 1466255761.28
482 278 1466255762.28
next 1466255763.28
482 74 1466255763.28
482 74 1466255764.28
482 74 1466255765.28
482 74 1466255766.28
482 74 1466255767.28
482 74 1466255768.28
482 74 1466255769.28
482 74 1466255770.28
482 74 1466255771.28
482 74 1466255772.28
482 74 1466255773.28
482 74 1466255774.28
482 74 1466255775.28
next 1466255776.28
170 74 1466255776.28
next 1466255777.28
126 49 1466255777.28
next 1466255778.28
275 179 1466255778.28
70 74 1466255779.28
next 1466255780.28
126 49 1466255780.28
next 1466255781.28
next 1466255811.28
482 74 1466255811.28
next 1466255812.28
next 1466255842.28
next 1466255872.28
275 74 1466255872.28
275 74 1466255873.28
275 74 1466255874.28
275 74 1466255875.28
275 74 1466255876.28
275 74 1466255877.28
275 74 1466255878.28
275 74 1466255879.28
275 74 1466255880.28
275 74 1466255881.28
next 1466255882.28
126 49 1466255882.28
next 1466255883.28
70 278 1466255883.28
70 278 1466255884.28
70 278 1466255885.28
70 278 1466255886.28
70 278 1466255887.28
70 278 1466255888.28
70 278 1466255889.28
70 278 1466255890.28
70 278 1466255891.28
70 278 1466255892.28
next 1466255893.28
170 74 1466255893.28
170 74 1466255894.28
170 74 1466255895.28
170 74 1466255896.28
170 74 1466255897.28
170 74 1466255898.28
170 74 1466255899.28
170 74 1466255900.28
170 74 1466255901.28
170 74 1466255902.28
170 74 1466255903.28
170 74 1466255904.28
170 74 1466255905.28
170 74 1466255906.28
next 1466255907.28
275 74 1466255907.28
next 1466255908.28
next 1466255938.28
126 49 1466255938.28
next 1466255939.28
next 1466255969.28
next 1466255999.28
126 49 1466255999.28
next 1466256000.28
170 278 1466256000.28
170 278 1466256001.28
170 278 1466256002.28
170 278 1466256003.28
170 278 1466256004.28
170 278 1466256005.28
170 278 1466256006.28
170 278 1466256007.28
170 278 1466256008.28
170 278 1466256009.28
170 278 1466256010.28
170 278 1466256011.28
170 278 1466256012.28
170 278 1466256013.28
170 278 1466256014.28
170 278 1466256015.28
170 278 1466256016.28
170 278 1466256017.28
next 1466256018.28
126 49 1466256018.28
next 1466256019.28
482 278 1466256019.28
70 74 1466256020.28
next 1466256021.28
next 1466256051.28
next 1466256081.28
126 49 1466256081.28
next 1466256082.28
275 278 1466256082.28
275 278 1466256083.28
275 278 1466256084.28
275 278 1466256085.28
275 278 1466256086.28
275 278 1466256087.28
275 278 1466256088.28
275 278 1466256089.28
275 278 1466256090.28
275 278 1466256091.28
275 278 1466256092.28
275 278 1466256093.28
275 278 1466256094.28
next 1466256095.28
126 49 1466256095.28
next 1466256096.28
275 278 1466256096.28
275 278 1466256097.28
275 278 1466256098.28
275 278 1466256099.28
275 278 1466256100.28
275 278 1466256101.28
275 278 1466256102.28
275 278 1466256103.28
275 278 1466256104.28
275 278 1466256105.28
275 278 1466256106.28
275 278 1466256107.28
next 1466256108.28
126 49 1466256108.28
next 1466256109.28
482 278 1466256109.28
next 1466256110.28
next 1466256140.28
126 49 1466256140.28
next 1466256141.28
70 179 1466256141.28
170 74 1466256142.28
next 1466256143.28
482 278 1466256143.28
482 278 1466256144.28
482 278 1466256145.28
482 278 1466256146.28
482 278 1466256147.28
482 278 1466256148.28
482 278 1466256149.28
482 278 1466256150.28
482 278 1466256151.28
482 278 1466256152.28
482 278 1466256153.28
482 278 1466256154.28
482 278 1466256155.28
482 278 1466256156.28
482 278 1466256157.28
482 278 1466256158.28
next 1466256159.28
next 1466256189.28
70 278 1466256189.28
70 278 1466256190.28
70 278 1466256191.28
70 278 1466256192.28
70 278 1466256193.28
70 278 1466256194.28
70 278 1466256195.28
70 278 1466256196.28
70 278 1466256197.28
70 278 1466256198.28
70 278 1466256199.28
next 1466256200.28
126 49 1466256200.28
next 1466256201.28
70 179 1466256201.28
next 1466256202.28
next 1466256232.28
170 278 1466256232.28
275 179 1466256233.28
next 1466256234.28
next 1466256264.28
70 74 1466256264.28
70 74 1466256265.28
70 74 1466256266.28
70 74 1466256267.28
70 74 1466256268.28
70 74 1466256269.28
70 74 1466256270.28
70 74 1466256271.28
70 74 1466256272.28
70 74 1466256273.28
70 74 1466256274.28
70 74 1466256275.28
70 74 1466256276.28
70 74 1466256277.28
70 74 1466256278.28
70 74 1466256279.28
70 74 1466256280.28
next 1466256281.28
275 74 1466256281.28
275 74 1466256282.28
275 74 1466256283.28
275 74 1466256284.28
275 74 1466256285.28
275 74 1466256286.28
275 74 1466256287.28
275 74 1466256288.28
275 74 1466256289.28
275 74 1466256290.28
275 74 1466256291.28
275 74 1466256292.28
275 74 1466256293.28
275 74 1466256294.28
275 74 1466256295.28
275 74 1466256296.28
275 74 1466256297.28
275 74 1466256298.28
275 74 1466256299.28
next 1466256300.28
next 1466256330.28
70 74 1466256330.28
170 179 1466256331.28
next 1466256332.28
70 179 1466256332.28
next 1466256333.28
170 74 1466256333.28
275 74 1466256334.28
next 1466256335.28
170 74 1466256335.28
next 1466256336.28
275 74 1466256336.28
482 179 1466256337.28
next 1466256338.28
170 74 1466256338.28
170 74 1466256339.28
170 74 1466256340.28
170 74 1466256341.28
170 74 1466256342.28
170 74 1466256343.28
170 74 1466256344.28
170 74 1466256345.28
170 74 1466256346.28
170 74 1466256347.28
next 1466256348.28
275 179 1466256348.28
275 179 1466256349.28
275 179 1466256350.28
275 179 1466256351.28
275 179 1466256352.28
275 179 1466256353.28
275 179 1466256354.28
275 179 1466256355.28
275 179 1466256356.28
275 179 1466256357.28
275 179 1466256358.28
275 179 1466256359.28
275 179 1466256360.28
275 179 1466256361.28
275 179 1466256362.28
275 179 1466256363.28
275 179 1466256364.28
275 179 1466256365.28
next 1466256366.28
next 1466256396.28
275 278 1466256396.28
next 1466256397.28
next 1466256427.28
275 74 1466256427.28
next 1466256428.28
next 1466256458.28
70 74 1466256458.28
next 1466256459.28
126 49 1466256459.28
next 1466256460.28
70 278 1466256460.28
70 278 1466256461.28
70 278 1466256462.28
70 278 1466256463.28
70 278 1466256464.28
70 278 1466256465.28
70 278 1466256466.28
70 278 1466256467.28
70 278 1466256468.28
70 278 1466256469.28
70 278 1466256470.28
70 278 1466256471.28
70 278 1466256472.28
next 1466256473.28
next 1466256503.28
70 278 1466256503.28
482 278 1466256504.28
next 1466256505.28
275 74 1466256505.28
275 74 1466256506.28
275 74 1466256507.28
275 74 1466256508.28
275 74 1466256509.28
275 74 1466256510.28
275 74 1466256511.28
275 74 1466256512.28
275 74 1466256513.28
275 74 1466256514.28
275 74 1466256515.28
275 74 1466256516.28
next 1466256517.28
70 74 1466256517.28
70 74 1466256518.28
70 74 1466256519.28
70 74 1466256520.28
70 74 1466256521.28
70 74 1466256522.28
70 74 1466256523.28
70 74 1466256524.28
70 74 1466256525.28
70 74 1466256526.28
70 74 1466256527.28
next 1466256528.28
126 49 1466256528.28
next 1466256529.28
482 278 1466256529.28
482 278 1466256530.28
482 278 1466256531.28
482 278 1466256532.28
482 278 1466256533.28
482 278 1466256534.28
482 278 1466256535.28
482 278 1466256536.28
482 278 1466256537.28
482 278 1466256538.28
482 278 1466256539.28
482 278 1466256540.28
482 278 1466256541.28
482 278 1466256542.28
next 1466256543.28
126 49 1466256543.28
next 1466256544.28
482 74 1466256544.28
275 179 1466256545.28
next 1466256546.28
70 179 1466256546.28
70 179 1466256547.28
70 179 1466256548.28
70 179 1466256549.28
70 179 1466256550.28
70 179 1466256551.28
70 179 1466256552.28
70 179 1466256553.28
70 179 1466256554.28
70 179 1466256555.28
70 179 1466256556.28
70 179 1466256557.28
70 179 1466256558.28
next 1466256559.28
126 49 1466256559.28
next 1466256560.28
next 1466256590.28
482 179 1466256590.28
482 179 1466256591.28
482 179 1466256592.28
482 179 1466256593.28
482 179 1466256594.28
482 179 1466256595.28
482 179 1466256596.28
482 179 1466256597.28
482 179 1466256598.28
482 179 1466256599.28
next 1466256600.28
170 74 1466256600.28
next 1466256601.28
126 49 1466256601.28
next 1466256602.28
275 278 1466256602.28
next 1466256603.28
126 49 1466256603.28
next 1466256604.28
next 1466256634.28
482 74 1466256634.28
70 74 1466256635.28
next 1466256636.28
next 1466256666.28
482 179 1466256666.28
next 1466256667.28
next 1466256697.28
275 179 1466256697.28
next 1466256698.28
275 278 1466256698.28
next 1466256699.28
482 74 1466256699.28
482 74 1466256700.28
482 74 1466256701.28
482 74 1466256702.28
482 74 1466256703.28
482 74 1466256704.28
482 74 1466256705.28
482 74 1466256706.28
482 74 1466256707.28
482 74 1466256708.28
482 74 1466256709.28
482 74 1466256710.28
next 1466256711.28
126 49 1466256711.28
next 1466256712.28
482 179 1466256712.28
482 179 1466256713.28
482 179 1466256714.28
482 179 1466256715.28
482 179 1466256716.28
482 179 1466256717.28
482 179 1466256718.28
482 179 1466256719.28
482 179 1466256720.28
482 179 1466256721.28
482 179 1466256722.28
482 179 1466256723.28
482 179 1466256724.28
next 1466256725.28
275 278 1466256725.28
next 1466256726.28
next 1466256756.28
126 49 1466256756.28
next 1466256757.28
70 179 1466256757.28
next 1466256758.28
126 49 1466256758.28
next 1466256759.28
next 1466256789.28
126 49 1466256789.28
next 1466256790.28
275 278 1466256790.28
next 1466256791.28
275 278 1466256791.28
275 179 1466256792.28
next 1466256793.28
482 179 1466256793.28
482 74 1466256794.28
next 1466256795.28
482 179 1466256795.28
482 179 1466256796.28
482 179 1466256797.28
482 179 1466256798.28
482 179 1466256799.28
482 179 1466256800.28
482 179 1466256801.28
482 179 1466256802.28
482 179 1466256803.28
482 179 1466256804.28
482 179 1466256805.28
482 179 1466256806.28
next 1466256807.28
70 74 1466256807.28
70 74 1466256808.28
70 74 1466256809.28
70 74 1466256810.28
70 74 1466256811.28
70 74 1466256812.28
70 74 1466256813.28
70 74 1466256814.28
70 74 1466256815.28
70 74 1466256816.28
70 74 1466256817.28
70 74 1466256818.28
70 74 1466256819.28
70 74 1466256820.28
70 74 1466256821.28
70 74 1466256822.28
next 1466256823.28
126 49 1466256823.28
next 1466256824.28
482 179 1466256824.28
170 278 1466256825.28
next 1466256826.28
70 179 1466256826.28
275 278 1466256827.28
next 1466256828.28
126 49 1466256828.28
next 1466256829.28
482 278 1466256829.28
170 179 1466256830.28
next 1466256831.28
70 179 1466256831.28
70 74 1466256832.28
next 1466256833.28
70 179 1466256833.28
70 179 1466256834.28
70 179 1466256835.28
70 179 1466256836.28
70 179 1466256837.28
70 179 1466256838.28
70 179 1466256839.28
70 179 1466256840.28
70 179 1466256841.28
70 179 1466256842.28
70 179 1466256843.28
70 179 1466256844.28
70 179 1466256845.28
70 179 1466256846.28
next 1466256847.28
275 278 1466256847.28
275 278 1466256848.28
275 278 1466256849.28
275 278 1466256850.28
275 278 1466256851.28
275 278 1466256852.28
275 278 1466256853.28
275 278 1466256854.28
275 278 1466256855.28
275 278 1466256856.28
275 278 1466256857.28
275 278 1466256858.28
275 278 1466256859.28
275 278 1466256860.28
next 1466256861.28
275 74 1466256861.28
next 1466256862.28
70 179 1466256862.28
482 74 1466256863.28
next 1466256864.28
170 278 1466256864.28
next 1466256865.28
170 278 1466256865.28
170 278 1466256866.28
170 278 1466256867.28
170 278 1466256868.28
170 278 1466256869.28
170 278 1466256870.28
170 278 1466256871.28
170 278 1466256872.28
170 278 1466256873.28
170 278 1466256874.28
170 278 1466256875.28
170 278 1466256876.28
170 278 1466256877.28
170 278 1466256878.28
170 278 1466256879.28
170 278 1466256880.28
170 278 1466256881.28
next 1466256882.28
70 74 1466256882.28
70 278 1466256883.28
next 1466256884.28
170 278 1466256884.28
next 1466256885.28
275 278 1466256885.28
70 74 1466256886.28
next 1466256887.28
482 179 1466256887.28
next 1466256888.28
next 1466256918.28
next 1466256948.28
482 278 1466256948.28
482 74 1466256949.28
next 1466256950.28
70 74 1466256950.28
170 179 1466256951.28
next 1466256952.28
126 49 1466256952.28
next 1466256953.28
482 74 1466256953.28
next 1466256954.28
275 74 1466256954.28
70 278 1466256955.28
next 1466256956.28
275 278 1466256956.28
275 278 1466256957.28
275 278 1466256958.28
275 278 1466256959.28
275 278 1466256960.28
275 278 1466256961.28
275 278 1466256962.28
275 278 1466256963.28
275 278 1466256964.28
275 278 1466256965.28
275 278 1466256966.28
275 278 1466256967.28
275 278 1466256968.28
275 278 1466256969.28
275 278 1466256970.28
275 278 1466256971.28
275 278 1466256972.28
275 278 1466256973.28
275 278 1466256974.28
275 278 1466256975.28
next 1466256976.28
next 1466257006.28
482 74 1466257006.28
482 74 1466257007.28
482 74 1466257008.28
482 74 1466257009.28
482 74 1466257010.28
482 74 1466257011.28
482 74 1466257012.28
482 74 1466257013.28
482 74 1466257014.28
482 74 1466257015.28
482 74 1466257016.28
482 74 1466257017.28
482 74 1466257018.28
482 74 1466257019.28
482 74 1466257020.28
482 74 1466257021.28
next 1466257022.28
70 74 1466257022.28
70 179 1466257023.28
next 1466257024.28
70 179 1466257024.28
482 278 1466257025.28
next 1466257026.28
70 278 1466257026.28
70 179 1466257027.28
next 1466257028.28
170 278 1466257028.28
482 179 1466257029.28
next 1466257030.28
482 278 1466257030.28
482 179 1466257031.28
next 1466257032.28
275 278 1466257032.28
next 1466257033.28
126 49 1466257033.28
next 1466257034.28
482 179 1466257034.28
482 179 1466257035.28
482 179 1466257036.28
482 179 1466257037.28
482 179 1466257038.28
482 179 1466257039.28
482 179 1466257040.28
482 179 1466257041.28
482 179 1466257042.28
482 179 1466257043.28
482 179 1466257044.28
482 179 1466257045.28
482 179 1466257046.28
482 179 1466257047.28
482 179 1466257048.28
482 179 1466257049.28
next 1466257050.28
126 49 1466257050.28
next 1466257051.28
275 179 1466257051.28
next 1466257052.28
275 179 1466257052.28
482 179 1466257053.28
next 1466257054.28
170 179 1466257054.28
482 74 1466257055.28
next 1466257056.28
170 74 1466257056.28
170 74 1466257057.28
170 74 1466257058.28
170 74 1466257059.28
170 74 1466257060.28
170 74 1466257061.28
170 74 1466257062.28
170 74 1466257063.28
170 74 1466257064.28
170 74 1466257065.28
170 74 1466257066.28
170 74 1466257067.28
170 74 1466257068.28
170 74 1466257069.28
170 74 1466257070.28
170 74 1466257071.28
next 1466257072.28
70 179 1466257072.28
70 179 1466257073.28
70 179 1466257074.28
70 179 1466257075.28
70 179 1466257076.28
70 179 1466257077.28
70 179 1466257078.28
70 179 1466257079.28
70 179 1466257080.28
70 179 1466257081.28
70 179 1466257082.28
70 179 1466257083.28
70 179 1466257084.28
70 179 1466257085.28
next 1466257086.28
170 179 1466257086.28
170 179 1466257087.28
170 179 1466257088.28
170 179 1466257089.28
170 179 1466257090.28
170 179 1466257091.28
170 179 1466257092.28
170 179 1466257093.28
170 179 1466257094.28
170 179 1466257095.28
170 179 1466257096.28
170 179 1466257097.28
170 179 1466257098.28
170 179 1466257099.28
170 179 1466257100.28
170 179 1466257101.28
170 179 1466257102.28
170 179 1466257103.28
next 1466257104.28
next 1466257134.28
170 179 1466257134.28
next 1466257135.28
170 179 1466257135.28
next 1466257136.28
next 1466257166.28
next 1466257196.28
482 74 1466257196.28
482 278 1466257197.28
next 1466257198.28
126 49 1466257198.28
next 1466257199.28
275 278 1466257199.28
482 74 1466257200.28
next 1466257201.28
next 1466257231.28
482 179 1466257231.28
next 1466257232.28
next 1466257262.28
126 49 1466257262.28
next 1466257263.28
482 74 1466257263.28
482 74 1466257264.28
482 74 1466257265.28
482 74 1466257266.28
482 74 1466257267.28
482 74 1466257268.28
482 74 1466257269.28
482 74 1466257270.28
482 74 1466257271.28
482 74 1466257272.28
482 74 1466257273.28
482 74 1466257274.28
next 1466257275.28
275 179 1466257275.28
next 1466257276.28
275 278 1466257276.28
482 278 1466257277.28
next 1466257278.28
482 74 1466257278.28
next 1466257279.28
275 179 1466257279.28
482 179 1466257280.28
next 1466257281.28
275 179 1466257281.28
275 179 1466257282.28
275 179 1466257283.28
275 179 1466257284.28
275 179 1466257285.28
275 179 1466257286.28
275 179 1466257287.28
275 179 1466257288.28
275 179 1466257289.28
275 179 1466257290.28
275 179 1466257291.28
275 179 1466257292.28
next 1466257293.28
170 74 1466257293.28
170 74 1466257294.28
170 74 1466257295.28
170 74 1466257296.28
170 74 1466257297.28
170 74 1466257298.28
170 74 1466257299.28
170 74 1466257300.28
170 74 1466257301.28
170 74 1466257302.28
next 1466257303.28
126 49 1466257303.28
next 1466257304.28
275 74 1466257304.28
next 1466257305.28
126 49 1466257305.28
next 1466257306.28
170 179 1466257306.28
482 278 1466257307.28
next 1466257308.28
126 49 1466257308.28
482 278 1466257309.28
482 278 1466257310.28
482 278 1466257311.28
482 278 1466257312.28
482 278 1466257313.28
482 278 1466257314.28
482 278 1466257315.28
482 278 1466257316.28
482 278 1466257317.28
482 278 1466257318.28
482 278 1466257319.28
482 278 1466257320.28
126 49 1466257351.28
126 49 1466257382.28
170 74 1466257383.28
170 74 1466257384.28
170 74 1466257385.28
170 74 1466257386.28
170 74 1466257387.28
170 74 1466257388.28
170 74 1466257389.28
170 74 1466257390.28
170 74 1466257391.28
170 74 1466257392.28
126 49 1466257423.28
next 1466257454.28
482 74 1466257454.28
482 74 1466257455.28
482 74 1466257456.28
482 74 1466257457.28
482 74 1466257458.28
482 74 1466257459.28
482 74 1466257460.28
482 74 1466257461.28
482 74 1466257462.28
482 74 1466257463.28
482 74 1466257464.28
482 74 1466257465.28
482 74 1466257466.28
482 74 1466257467.28
482 74 1466257468.28
482 74 1466257469.28
482 74 1466257470.28
482 74 1466257471.28
482 74 1466257472.28
126 49 1466257473.28
126 49 1466257504.28
126 49 1466257535.28
next 1466257566.28
126 49 1466257566.28
482 74 1466257597.28
482 74 1466257598.28
482 74 1466257599.28
482 74 1466257600.28
482 74 1466257601.28
482 74 1466257602.28
482 74 1466257603.28
482 74 1466257604.28
482 74 1466257605.28
482 74 1466257606.28
126 49 1466257607.28
482 278 1466257638.28
482 278 1466257639.28
482 278 1466257640.28
482 278 1466257641.28
482 278 1466257642.28
482 278 1466257643.28
482 278 1466257644.28
482 278 1466257645.28
482 278 1466257646.28
482 278 1466257647.28
482 278 1466257648.28
126 49 1466257649.28
275 179 1466257680.28
275 179 1466257681.28
275 179 1466257682.28
275 179 1466257683.28
275 179 1466257684.28
275 179 1466257685.28
275 179 1466257686.28
275 179 1466257687.28
275 179 1466257688.28
275 179 1466257689.28
275 179 1466257690.28
275 179 1466257691.28
275 179 1466257692.28
126 49 1466257693.28
next 1466257694.28
70 179 1466257724.28
70 179 1466257725.28
70 179 1466257726.28
70 179 1466257727.28
70 179 1466257728.28
70 179 1466257729.28
70 179 1466257730.28
70 179 1466257731.28
70 179 1466257732.28
70 179 1466257733.28
482 179 1466257764.28
482 179 1466257765.28
482 179 1466257766.28
482 179 1466257767.28
482 179 1466257768.28
482 179 1466257769.28
482 179 1466257770.28
482 179 1466257771.28
482 179 1466257772.28
482 179 1466257773.28
482 179 1466257774.28
482 179 1466257775.28
126 49 1466257776.28
482 74 1466257777.28
482 74 1466257778.28
482 74 1466257779.28
482 74 1466257780.28
482 74 1466257781.28
482 74 1466257782.28
482 74 1466257783.28
482 74 1466257784.28
482 74 1466257785.28
482 74 1466257786.28
482 74 1466257787.28
482 74 1466257788.28
275 278 1466257819.28
275 278 1466257820.28
275 278 1466257821.28
275 278 1466257822.28
275 278 1466257823.28
275 278 1466257824.28
275 278 1466257825.28
275 278 1466257826.28
275 278 1466257827.28
275 278 1466257828.28
275 278 1466257829.28
275 278 1466257830.28
275 278 1466257831.28
275 278 1466257832.28
275 278 1466257833.28
275 278 1466257834.28
275 278 1466257835.28
126 49 1466257836.28
70 74 1466257837.28
70 74 1466257838.28
70 74 1466257839.28
70 74 1466257840.28
70 74 1466257841.28
70 74 1466257842.28
70 74 1466257843.28
70 74 1466257844.28
70 74 1466257845.28
70 74 1466257846.28
70 74 1466257847.28
next 1466257848.28
126 49 1466257848.28
275 74 1466257849.28
275 74 1466257850.28
275 74 1466257851.28
275 74 1466257852.28
275 74 1466257853.28
275 74 1466257854.28
275 74 1466257855.28
275 74 1466257856.28
275 74 1466257857.28
275 74 1466257858.28
275 74 1466257859.28
275 74 1466257860.28
275 74 1466257861.28
275 74 1466257862.28
275 74 1466257863.28
275 74 1466257864.28
275 74 1466257865.28
275 74 1466257866.28
275 74 1466257867.28
275 74 1466257868.28
126 49 1466257899.28
126 49 1466257930.28
next 1466257931.28
126 49 1466257961.28
170 74 1466257962.28
170 74 1466257963.28
170 74 1466257964.28
170 74 1466257965.28
170 74 1466257966.28
170 74 1466257967.28
170 74 1466257968.28
170 74 1466257969.28
170 74 1466257970.28
170 74 1466257971.28
170 74 1466257972.28
126 49 1466257973.28
482 278 1466257974.28
482 278 1466257975.28
482 278 1466257976.28
482 278 1466257977.28
482 278 1466257978.28
482 278 1466257979.28
482 278 1466257980.28
482 278 1466257981.28
482 278 1466257982.28
482 278 1466257983.28
482 278 1466257984.28
126 49 1466257985.28
170 179 1466257986.28
170 179 1466257987.28
170 179 1466257988.28
170 179 1466257989.28
170 179 1466257990.28
170 179 1466257991.28
170 179 1466257992.28
170 179 1466257993.28
170 179 1466257994.28
170 179 1466257995.28
170 179 1466257996.28
126 49 1466257997.28
170 74 1466257998.28
170 74 1466257999.28
170 74 1466258000.28
170 74 1466258001.28
170 74 1466258002.28
170 74 1466258003.28
170 74 1466258004.28
170 74 1466258005.28
170 74 1466258006.28
170 74 1466258007.28
170 74 1466258008.28
170 74 1466258009.28
170 74 1466258010.28
170 74 1466258011.28
170 74 1466258012.28
170 74 1466258013.28
170 74 1466258014.28
170 74 1466258015.28
170 74 1466258016.28
170 74 1466258017.28
next 1466258018.28
126 49 1466258048.28
70 74 1466258049.28
70 74 1466258050.28
70 74 1466258051.28
70 74 1466258052.28
70 74 1466258053.28
70 74 1466258054.28
70 74 1466258055.28
70 74 1466258056.28
70 74 1466258057.28
70 74 1466258058.28
70 74 1466258059.28
70 74 1466258060.28
126 49 1466258061.28
70 74 1466258062.28
70 74 1466258063.28
70 74 1466258064.28
70 74 1466258065.28
70 74 1466258066.28
70 74 1466258067.28
70 74 1466258068.28
70 74 1466258069.28
70 74 1466258070.28
70 74 1466258071.28
126 49 1466258072.28
70 278 1466258103.28
70 278 1466258104.28
70 278 1466258105.28
70 278 1466258106.28
70 278 1466258107.28
70 278 1466258108.28
70 278 1466258109.28
70 278 1466258110.28
70 278 1466258111.28
70 278 1466258112.28
70 278 1466258113.28
70 278 1466258114.28
70 278 1466258115.28
70 278 1466258116.28
70 278 1466258117.28
70 278 1466258118.28
70 278 1466258119.28
70 278 1466258120.28
next 1466258151.28
170 74 1466258151.28
170 74 1466258152.28
170 74 1466258153.28
170 74 1466258154.28
170 74 1466258155.28
170 74 1466258156.28
170 74 1466258157.28
170 74 1466258158.28
170 74 1466258159.28
170 74 1466258160.28
170 74 1466258161.28
170 74 1466258162.28
170 74 1466258163.28
170 74 1466258164.28
170 74 1466258165.28
170 74 1466258166.28
126 49 1466258197.28
126 49 1466258228.28
126 49 1466258259.28
next 1466258290.28
126 49 1466258320.28
126 49 1466258351.28
70 74 1466258352.28
70 74 1466258353.28
70 74 1466258354.28
70 74 1466258355.28
70 74 1466258356.28
70 74 1466258357.28
70 74 1466258358.28
70 74 1466258359.28
70 74 1466258360.28
70 74 1466258361.28
70 74 1466258362.28
70 74 1466258363.28
70 74 1466258364.28
70 74 1466258365.28
70 74 1466258366.28
70 74 1466258367.28
70 74 1466258368.28
70 74 1466258369.28
70 74 1466258370.28
70 74 1466258371.28
126 49 1466258372.28
170 179 1466258373.28
170 179 1466258374.28
170 179 1466258375.28
170 179 1466258376.28
170 179 1466258377.28
170 179 1466258378.28
170 179 1466258379.28
170 179 1466258380.28
170 179 1466258381.28
170 179 1466258382.28
170 179 1466258383.28
170 179 1466258384.28
170 179 1466258385.28
170 179 1466258386.28
170 179 1466258387.28
170 179 1466258388.28
170 179 1466258389.28
170 179 1466258390.28
170 179 1466258391.28
170 179 1466258392.28
next 1466258423.28
170 278 1466258423.28
170 278 1466258424.28
170 278 1466258425.28
170 278 1466258426.28
170 278 1466258427.28
170 278 1466258428.28
170 278 1466258429.28
170 278 1466258430.28
170 278 1466258431.28
170 278 1466258432.28
170 278 1466258433.28
170 278 1466258434.28
482 278 1466258465.28
482 278 1466258466.28
482 278 1466258467.28
482 278 1466258468.28
482 278 1466258469.28
482 278 1466258470.28
482 278 1466258471.28
482 278 1466258472.28
482 278 1466258473.28
482 278 1466258474.28
275 179 1466258505.28
275 179 1466258506.28
275 179 1466258507.28
275 179 1466258508.28
275 179 1466258509.28
275 179 1466258510.28
275 179 1466258511.28
275 179 1466258512.28
275 179 1466258513.28
275 179 1466258514.28
275 179 1466258515.28
126 49 1466258516.28
next 1466258517.28
126 49 1466258517.28
482 179 1466258518.28
482 179 1466258519.28
482 179 1466258520.28
482 179 1466258521.28
482 179 1466258522.28
482 179 1466258523.28
482 179 1466258524.28
482 179 1466258525.28
482 179 1466258526.28
482 179 1466258527.28
482 179 1466258528.28
482 179 1466258529.28
482 179 1466258530.28
482 179 1466258531.28
482 179 1466258532.28
482 179 1466258533.28
482 179 1466258534.28
482 179 1466258535.28
126 49 1466258536.28
70 74 1466258537.28
70 74 1466258538.28
70 74 1466258539.28
70 74 1466258540.28
70 74 1466258541.28
70 74 1466258542.28
70 74 1466258543.28
70 74 1466258544.28
70 74 1466258545.28
70 74 1466258546.28
70 74 1466258547.28
70 74 1466258548.28
70 74 1466258549.28
70 74 1466258550.28
70 74 1466258551.28
70 74 1466258552.28
70 74 1466258553.28
70 74 1466258554.28
70 74 1466258555.28
275 74 1466258586.28
275 74 1466258587.28
275 74 1466258588.28
275 74 1466258589.28
275 74 1466258590.28
275 74 1466258591.28
275 74 1466258592.28
275 74 1466258593.28
275 74 1466258594.28
275 74 1466258595.28
275 74 1466258596.28
275 74 1466258597.28
275 74 1466258598.28
275 74 1466258599.28
275 74 1466258600.28
275 74 1466258601.28
275 74 1466258602.28
275 74 1466258603.28
126 49 1466258604.28
next 1466258635.28
482 179 1466258635.28
482 179 1466258636.28
482 179 1466258637.28
482 179 1466258638.28
482 179 1466258639.28
482 179 1466258640.28
482 179 1466258641.28
482 179 1466258642.28
482 179 1466258643.28
482 179 1466258644.28
482 179 1466258645.28
482 179 1466258646.28
482 179 1466258647.28
482 179 1466258648.28
482 179 1466258649.28
482 179 1466258650.28
482 278 1466258681.28
482 278 1466258682.28
482 278 1466258683.28
482 278 1466258684.28
482 278 1466258685.28
482 278 1466258686.28
482 278 1466258687.28
482 278 1466258688.28
482 278 1466258689.28
482 278 1466258690.28
482 278 1466258691.28
482 278 1466258692.28
482 278 1466258693.28
482 278 1466258694.28
482 278 1466258695.28
482 278 1466258696.28
482 278 1466258697.28
482 278 1466258698.28
482 278 1466258699.28
126 49 1466258730.28
275 278 1466258731.28
275 278 1466258732.28
275 278 1466258733.28
275 278 1466258734.28
275 278 1466258735.28
275 278 1466258736.28
275 278 1466258737.28
275 278 1466258738.28
275 278 1466258739.28
275 278 1466258740.28
275 278 1466258741.28
275 278 1466258742.28
275 278 1466258743.28
275 278 1466258744.28
275 278 1466258745.28
275 278 1466258746.28
next 1466258747.28
126 49 1466258777.28
275 278 1466258778.28
275 278 1466258779.28
275 278 1466258780.28
275 278 1466258781.28
275 278 1466258782.28
275 278 1466258783.28
275 278 1466258784.28
275 278 1466258785.28
275 278 1466258786.28
275 278 1466258787.28
275 278 1466258788.28
275 278 1466258789.28
275 278 1466258790.28
275 278 1466258791.28
126 49 1466258792.28
70 74 1466258823.28
70 74 1466258824.28
70 74 1466258825.28
70 74 1466258826.28
70 74 1466258827.28
70 74 1466258828.28
70 74 1466258829.28
70 74 1466258830.28
70 74 1466258831.28
70 74 1466258832.28
next 1466258833.28
482 278 1466258863.28
482 278 1466258864.28
482 278 1466258865.28
482 278 1466258866.28
482 278 1466258867.28
482 278 1466258868.28
482 278 1466258869.28
482 278 1466258870.28
482 278 1466258871.28
482 278 1466258872.28
482 278 1466258873.28
482 278 1466258874.28
482 278 1466258875.28
482 278 1466258876.28
126 49 1466258877.28
126 49 1466258908.28
275 278 1466258909.28
275 278 1466258910.28
275 278 1466258911.28
275 278 1466258912.28
275 278 1466258913.28
275 278 1466258914.28
275 278 1466258915.28
275 278 1466258916.28
275 278 1466258917.28
275 278 1466258918.28
275 278 1466258919.28
275 278 1466258920.28
275 278 1466258921.28
275 278 1466258922.28
275 278 1466258923.28
126 49 1466258924.28
126 49 1466258955.28
next 1466258956.28
482 179 1466258986.28
482 179 1466258987.28
482 179 1466258988.28
482 179 1466258989.28
482 179 1466258990.28
482 179 1466258991.28
482 179 1466258992.28
482 179 1466258993.28
482 179 1466258994.28
482 179 1466258995.28
482 179 1466258996.28
482 179 1466258997.28
482 179 1466258998.28
482 179 1466258999.28
126 49 1466259000.28
275 179 1466259031.28
275 179 1466259032.28
275 179 1466259033.28
275 179 1466259034.28
275 179 1466259035.28
275 179 1466259036.28
275 179 1466259037.28
275 179 1466259038.28
275 179 1466259039.28
275 179 1466259040.28
275 179 1466259041.28
275 179 1466259042.28
275 179 1466259043.28
126 49 1466259044.28
next 1466259045.28
126 49 1466259045.28
275 278 1466259046.28
275 278 1466259047.28
275 278 1466259048.28
275 278 1466259049.28
275 278 1466259050.28
275 278 1466259051.28
275 278 1466259052.28
275 278 1466259053.28
275 278 1466259054.28
275 278 1466259055.28
275 278 1466259056.28
275 278 1466259057.28
275 278 1466259058.28
275 278 1466259059.28
275 278 1466259060.28
275 278 1466259061.28
275 278 1466259062.28
275 278 1466259063.28
275 278 1466259064.28
126 49 1466259095.28
482 74 1466259126.28
482 74 1466259127.28
482 74 1466259128.28
482 74 1466259129.28
482 74 1466259130.28
482 74 1466259131.28
482 74 1466259132.28
482 74 1466259133.28
482 74 1466259134.28
482 74 1466259135.28
482 74 1466259136.28
126 49 1466259167.28
next 1466259168.28
126 49 1466259168.28
70 74 1466259169.28
70 74 1466259170.28
70 74 1466259171.28
70 74 1466259172.28
70 74 1466259173.28
70 74 1466259174.28
70 74 1466259175.28
70 74 1466259176.28
70 74 1466259177.28
70 74 1466259178.28
70 74 1466259179.28
70 74 1466259180.28
70 74 1466259181.28
70 74 1466259182.28
126 49 1466259183.28
170 74 1466259214.28
170 74 1466259215.28
170 74 1466259216.28
170 74 1466259217.28
170 74 1466259218.28
170 74 1466259219.28
170 74 1466259220.28
170 74 1466259221.28
170 74 1466259222.28
170 74 1466259223.28
170 74 1466259224.28
170 74 1466259225.28
170 74 1466259226.28
170 74 1466259227.28
170 74 1466259228.28
170 74 1466259229.28
170 74 1466259230.28
126 49 1466259231.28
next 1466259262.28
126 49 1466259292.28
275 74 1466259293.28
275 74 1466259294.28
275 74 1466259295.28
275 74 1466259296.28
275 74 1466259297.28
275 74 1466259298.28
275 74 1466259299.28
275 74 1466259300.28
275 74 1466259301.28
275 74 1466259302.28
275 74 1466259303.28
275 74 1466259304.28
275 74 1466259305.28
275 74 1466259306.28
126 49 1466259307.28
170 179 1466259308.28
170 179 1466259309.28
170 179 1466259310.28
170 179 1466259311.28
170 179 1466259312.28
170 179 1466259313.28
170 179 1466259314.28
170 179 1466259315.28
170 179 1466259316.28
170 179 1466259317.28
170 179 1466259318.28
170 179 1466259319.28
170 179 1466259320.28
170 179 1466259321.28
170 179 1466259322.28
170 179 1466259323.28
170 179 1466259324.28
170 179 1466259325.28
170 179 1466259326.28
next 1466259327.28
126 49 1466259357.28
126 49 1466259388.28
70 179 1466259389.28
70 179 1466259390.28
70 179 1466259391.28
70 179 1466259392.28
70 179 1466259393.28
70 179 1466259394.28
70 179 1466259395.28
70 179 1466259396.28
70 179 1466259397.28
70 179 1466259398.28
70 179 1466259399.28
70 179 1466259400.28
70 179 1466259401.28
70 179 1466259402.28
70 179 1466259403.28
70 179 1466259404.28
70 179 1466259405.28
70 179 1466259406.28
70 179 1466259407.28
482 179 1466259438.28
482 179 1466259439.28
482 179 1466259440.28
482 179 1466259441.28
482 179 1466259442.28
482 179 1466259443.28
482 179 1466259444.28
482 179 1466259445.28
482 179 1466259446.28
482 179 1466259447.28
482 179 1466259448.28
482 179 1466259449.28
482 179 1466259450.28
482 179 1466259451.28
482 179 1466259452.28
482 179 1466259453.28
482 179 1466259454.28
482 179 1466259455.28
482 179 1466259456.28
482 179 1466259457.28
next 1466259458.28
126 49 1466259488.28
170 74 1466259489.28
170 74 1466259490.28
170 74 1466259491.28
170 74 1466259492.28
170 74 1466259493.28
170 74 1466259494.28
170 74 1466259495.28
170 74 1466259496.28
170 74 1466259497.28
170 74 1466259498.28
170 74 1466259499.28
170 74 1466259500.28
170 74 1466259501.28
170 74 1466259502.28
170 74 1466259503.28
170 74 1466259504.28
170 74 1466259505.28
170 74 1466259506.28
170 74 1466259507.28
126 49 1466259538.28
126 49 1466259569.28
next 1466259570.28
126 49 1466259600.28
126 49 1466259631.28
482 278 1466259632.28
482 278 1466259633.28
482 278 1466259634.28
482 278 1466259635.28
482 278 1466259636.28
482 278 1466259637.28
482 278 1466259638.28
482 278 1466259639.28
482 278 1466259640.28
482 278 1466259641.28
482 278 1466259642.28
482 278 1466259643.28
482 278 1466259644.28
482 278 1466259645.28
482 278 1466259646.28
482 278 1466259647.28
126 49 1466259678.28
126 49 1466259709.28
next 1466259710.28
275 278 1466259740.28
275 278 1466259741.28
275 278 1466259742.28
275 278 1466259743.28
275 278 1466259744.28
275 278 1466259745.28
275 278 1466259746.28
275 278 1466259747.28
275 278 1466259748.28
275 278 1466259749.28
275 278 1466259750.28
275 278 1466259751.28
275 278 1466259752.28
275 278 1466259753.28
275 278 1466259754.28
126 49 1466259785.28
482 74 1466259816.28
482 74 1466259817.28
482 74 1466259818.28
482 74 1466259819.28
482 74 1466259820.28
482 74 1466259821.28
482 74 1466259822.28
482 74 1466259823.28
482 74 1466259824.28
482 74 1466259825.28
482 74 1466259826.28
482 74 1466259827.28
482 74 1466259828.28
482 74 1466259829.28
482 74 1466259830.28
482 74 1466259831.28
482 74 1466259832.28
482 74 1466259833.28
126 49 1466259864.28
275 74 1466259865.28
275 74 1466259866.28
275 74 1466259867.28
275 74 1466259868.28
275 74 1466259869.28
275 74 1466259870.28
275 74 1466259871.28
275 74 1466259872.28
275 74 1466259873.28
275 74 1466259874.28
275 74 1466259875.28
275 74 1466259876.28
275 74 1466259877.28
275 74 1466259878.28
275 74 1466259879.28
275 74 1466259880.28
275 74 1466259881.28
next 1466259912.28
482 179 1466259912.28
482 179 1466259913.28
482 179 1466259914.28
482 179 1466259915.28
482 179 1466259916.28
482 179 1466259917.28
482 179 1466259918.28
482 179 1466259919.28
482 179 1466259920.28
482 179 1466259921.28
482 179 1466259922.28
482 179 1466259923.28
482 179 1466259924.28
482 179 1466259925.28
482 179 1466259926.28
482 179 1466259927.28
482 179 1466259928.28
482 179 1466259929.28
482 179 1466259930.28
482 179 1466259931.28
126 49 1466259932.28
70 179 1466259963.28
70 179 1466259964.28
70 179 1466259965.28
70 179 1466259966.28
70 179 1466259967.28
70 179 1466259968.28
70 179 1466259969.28
70 179 1466259970.28
70 179 1466259971.28
70 179 1466259972.28
70 179 1466259973.28
70 179 1466259974.28
70 179 1466259975.28
70 179 1466259976.28
70 179 1466259977.28
70 179 1466259978.28
70 179 1466259979.28
next 1466260010.28
126 49 1466260040.28
126 49 1466260071.28
170 74 1466260072.28
170 74 1466260073.28
170 74 1466260074.28
170 74 1466260075.28
170 74 1466260076.28
170 74 1466260077.28
170 74 1466260078.28
170 74 1466260079.28
170 74 1466260080.28
170 74 1466260081.28
170 74 1466260082.28
170 74 1466260083.28
170 74 1466260084.28
170 74 1466260085.28
170 74 1466260086.28
170 74 1466260087.28
170 74 1466260088.28
126 49 1466260089.28
482 278 1466260090.28
482 278 1466260091.28
482 278 1466260092.28
482 278 1466260093.28
482 278 1466260094.28
482 278 1466260095.28
482 278 1466260096.28
482 278 1466260097.28
482 278 1466260098.28
482 278 1466260099.28
482 278 1466260100.28
482 278 1466260101.28
482 278 1466260102.28
482 278 1466260103.28
482 278 1466260104.28
482 278 1466260105.28
482 278 1466260106.28
next 1466260137.28
126 49 1466260137.28
170 74 1466260138.28
170 74 1466260139.28
170 74 1466260140.28
170 74 1466260141.28
170 74 1466260142.28
170 74 1466260143.28
170 74 1466260144.28
170 74 1466260145.28
170 74 1466260146.28
170 74 1466260147.28
126 49 1466260148.28
275 278 1466260179.28
275 278 1466260180.28
275 278 1466260181.28
275 278 1466260182.28
275 278 1466260183.28
275 278 1466260184.28
275 278 1466260185.28
275 278 1466260186.28
275 278 1466260187.28
275 278 1466260188.28
275 278 1466260189.28
275 278 1466260190.28
275 278 1466260191.28
275 278 1466260192.28
275 278 1466260193.28
275 278 1466260194.28
275 278 1466260195.28
275 278 1466260196.28
next 1466260197.28
126 49 1466260197.28
275 179 1466260228.28
275 179 1466260229.28
275 179 1466260230.28
275 179 1466260231.28
275 179 1466260232.28
275 179 1466260233.28
275 179 1466260234.28
275 179 1466260235.28
275 179 1466260236.28
275 179 1466260237.28
275 179 1466260238.28
275 179 1466260239.28
275 179 1466260240.28
275 179 1466260241.28
275 179 1466260242.28
126 49 1466260243.28
482 179 1466260244.28
482 179 1466260245.28
482 179 1466260246.28
482 179 1466260247.28
482 179 1466260248.28
482 179 1466260249.28
482 179 1466260250.28
482 179 1466260251.28
482 179 1466260252.28
482 179 1466260253.28
482 179 1466260254.28
482 179 1466260255.28
482 179 1466260256.28
482 179 1466260257.28
482 179 1466260258.28
482 179 1466260259.28
482 179 1466260260.28
482 179 1466260261.28
482 179 1466260262.28
126 49 1466260293.28
next 1466260294.28
70 74 1466260294.28
70 74 1466260295.28
70 74 1466260296.28
70 74 1466260297.28
70 74 1466260298.28
70 74 1466260299.28
70 74 1466260300.28
70 74 1466260301.28
70 74 1466260302.28
70 74 1466260303.28
70 74 1466260304.28
70 74 1466260305.28
70 74 1466260306.28
70 74 1466260307.28
70 74 1466260308.28
126 49 1466260309.28
482 179 1466260340.28
482 179 1466260341.28
482 179 1466260342.28
482 179 1466260343.28
482 179 1466260344.28
482 179 1466260345.28
482 179 1466260346.28
482 179 1466260347.28
482 179 1466260348.28
482 179 1466260349.28
482 179 1466260350.28
482 179 1466260351.28
482 179 1466260352.28
126 49 1466260353.28
126 49 1466260384.28
275 278 1466260385.28
275 278 1466260386.28
275 278 1466260387.28
275 278 1466260388.28
275 278 1466260389.28
275 278 1466260390.28
275 278 1466260391.28
275 278 1466260392.28
275 278 1466260393.28
275 278 1466260394.28
275 278 1466260395.28
275 278 1466260396.28
275 278 1466260397.28
275 278 1466260398.28
275 278 1466260399.28
275 278 1466260400.28
275 278 1466260401.28
275 278 1466260402.28
275 278 1466260403.28
next 1466260404.28
126 49 1466260434.28
482 179 1466260435.28
482 179 1466260436.28
482 179 1466260437.28
482 179 1466260438.28
482 179 1466260439.28
482 179 1466260440.28
482 179 1466260441.28
482 179 1466260442.28
482 179 1466260443.28
482 179 1466260444.28
482 179 1466260445.28
482 179 1466260446.28
482 74 1466260477.28
482 74 1466260478.28
482 74 1466260479.28
482 74 1466260480.28
482 74 1466260481.28
482 74 1466260482.28
482 74 1466260483.28
482 74 1466260484.28
482 74 1466260485.28
482 74 1466260486.28
482 74 1466260487.28
482 74 1466260488.28
482 74 1466260489.28
482 74 1466260490.28
482 74 1466260491.28
170 278 1466260522.28
170 278 1466260523.28
170 278 1466260524.28
170 278 1466260525.28
170 278 1466260526.28
170 278 1466260527.28
170 278 1466260528.28
170 278 1466260529.28
170 278 1466260530.28
170 278 1466260531.28
170 278 1466260532.28
170 278 1466260533.28
170 278 1466260534.28
next 1466260565.28
70 74 1466260595.28
70 74 1466260596.28
70 74 1466260597.28
70 74 1466260598.28
70 74 1466260599.28
70 74 1466260600.28
70 74 1466260601.28
70 74 1466260602.28
70 74 1466260603.28
70 74 1466260604.28
70 74 1466260605.28
70 74 1466260606.28
70 74 1466260607.28
70 74 1466260608.28
70 74 1466260609.28
70 74 1466260610.28
70 74 1466260611.28
70 74 1466260612.28
70 74 1466260613.28
70 74 1466260614.28
126 49 1466260615.28
126 49 1466260646.28
482 179 1466260647.28
482 179 1466260648.28
482 179 1466260649.28
482 179 1466260650.28
482 179 1466260651.28
482 179 1466260652.28
482 179 1466260653.28
482 179 1466260654.28
482 179 1466260655.28
482 179 1466260656.28
482 179 1466260657.28
482 179 1466260658.28
482 179 1466260659.28
482 179 1466260660.28
482 179 1466260661.28
482 179 1466260662.28
482 179 1466260663.28
next 1466260664.28
126 49 1466260694.28
170 74 1466260695.28
170 74 1466260696.28
170 74 1466260697.28
170 74 1466260698.28
170 74 1466260699.28
170 74 1466260700.28
170 74 1466260701.28
170 74 1466260702.28
170 74 1466260703.28
170 74 1466260704.28
170 74 1466260705.28
170 74 1466260706.28
170 74 1466260707.28
126 49 1466260708.28
126 49 1466260739.28
next 1466260740.28
126 49 1466260740.28
170 179 1466260741.28
170 179 1466260742.28
170 179 1466260743.28
170 179 1466260744.28
170 179 1466260745.28
170 179 1466260746.28
170 179 1466260747.28
170 179 1466260748.28
170 179 1466260749.28
170 179 1466260750.28
170 179 1466260751.28
170 179 1466260752.28
275 74 1466260783.28
275 74 1466260784.28
275 74 1466260785.28
275 74 1466260786.28
275 74 1466260787.28
275 74 1466260788.28
275 74 1466260789.28
275 74 1466260790.28
275 74 1466260791.28
275 74 1466260792.28
275 74 1466260793.28
275 74 1466260794.28
275 74 1466260795.28
275 74 1466260796.28
275 74 1466260797.28
275 74 1466260798.28
70 179 1466260829.28
70 179 1466260830.28
70 179 1466260831.28
70 179 1466260832.28
70 179 1466260833.28
70 179 1466260834.28
70 179 1466260835.28
70 179 1466260836.28
70 179 1466260837.28
70 179 1466260838.28
70 179 1466260839.28
70 179 1466260840.28
70 179 1466260841.28
70 179 1466260842.28
126 49 1466260873.28
170 74 1466260874.28
170 74 1466260875.28
170 74 1466260876.28
170 74 1466260877.28
170 74 1466260878.28
170 74 1466260879.28
170 74 1466260880.28
170 74 1466260881.28
170 74 1466260882.28
170 74 1466260883.28
170 74 1466260884.28
170 74 1466260885.28
170 74 1466260886.28
170 74 1466260887.28
170 74 1466260888.28
170 74 1466260889.28
170 74 1466260890.28
170 74 1466260891.28
170 74 1466260892.28
next 1466260923.28
126 49 1466260953.28
275 179 1466260954.28
275 179 1466260955.28
275 179 1466260956.28
275 179 1466260957.28
275 179 1466260958.28
275 179 1466260959.28
275 179 1466260960.28
275 179 1466260961.28
275 179 1466260962.28
275 179 1466260963.28
126 49 1466260964.28
126 49 1466260995.28
482 74 1466261026.28
482 74 1466261027.28
482 74 1466261028.28
482 74 1466261029.28
482 74 1466261030.28
482 74 1466261031.28
482 74 1466261032.28
482 74 1466261033.28
482 74 1466261034.28
482 74 1466261035.28
482 74 1466261036.28
482 74 1466261037.28
482 74 1466261038.28
482 74 1466261039.28
482 74 1466261040.28
482 74 1466261041.28
482 74 1466261042.28
482 74 1466261043.28
482 74 1466261044.28
126 49 1466261045.28
next 1466261046.28
275 74 1466261046.28
275 74 1466261047.28
275 74 1466261048.28
275 74 1466261049.28
275 74 1466261050.28
275 74 1466261051.28
275 74 1466261052.28
275 74 1466261053.28
275 74 1466261054.28
275 74 1466261055.28
275 74 1466261056.28
126 49 1466261087.28
482 278 1466261088.28
482 278 1466261089.28
482 278 1466261090.28
482 278 1466261091.28
482 278 1466261092.28
482 278 1466261093.28
482 278 1466261094.28
482 278 1466261095.28
482 278 1466261096.28
482 278 1466261097.28
482 278 1466261098.28
70 278 1466261129.28
70 278 1466261130.28
70 278 1466261131.28
70 278 1466261132.28
70 278 1466261133.28
70 278 1466261134.28
70 278 1466261135.28
70 278 1466261136.28
70 278 1466261137.28
70 278 1466261138.28
70 278 1466261139.28
70 278 1466261140.28
70 278 1466261141.28
70 278 1466261142.28
next 1466261173.28
170 179 1466261203.28
170 179 1466261204.28
170 179 1466261205.28
170 179 1466261206.28
170 179 1466261207.28
170 179 1466261208.28
170 179 1466261209.28
170 179 1466261210.28
170 179 1466261211.28
170 179 1466261212.28
170 179 1466261213.28
170 179 1466261214.28
170 179 1466261215.28
170 179 1466261216.28
170 179 1466261217.28
170 179 1466261218.28
170 179 1466261219.28
126 49 1466261250.28
482 74 1466261251.28
482 74 1466261252.28
482 74 1466261253.28
482 74 1466261254.28
482 74 1466261255.28
482 74 1466261256.28
482 74 1466261257.28
482 74 1466261258.28
482 74 1466261259.28
482 74 1466261260.28
126 49 1466261261.28
170 278 1466261262.28
170 278 1466261263.28
170 278 1466261264.28
170 278 1466261265.28
170 278 1466261266.28
170 278 1466261267.28
170 278 1466261268.28
170 278 1466261269.28
170 278 1466261270.28
170 278 1466261271.28
170 278 1466261272.28
170 278 1466261273.28
170 278 1466261274.28
170 278 1466261275.28
170 278 1466261276.28
170 278 1466261277.28
170 278 1466261278.28
170 278 1466261279.28
170 278 1466261280.28
170 278 1466261281.28
482 278 1466261312.28
482 278 1466261313.28
482 278 1466261314.28
482 278 1466261315.28
482 278 1466261316.28
482 278 1466261317.28
482 278 1466261318.28
482 278 1466261319.28
482 278 1466261320.28
482 278 1466261321.28
482 278 1466261322.28
482 278 1466261323.28
482 278 1466261324.28
482 278 1466261325.28
126 49 1466261326.28
next 1466261327.28
126 49 1466261327.28
482 278 1466261328.28
482 278 1466261329.28
482 278 1466261330.28
482 278 1466261331.28
482 278 1466261332.28
482 278 1466261333.28
482 278 1466261334.28
482 278 1466261335.28
482 278 1466261336.28
482 278 1466261337.28
275 278 1466261368.28
275 278 1466261369.28
275 278 1466261370.28
275 278 1466261371.28
275 278 1466261372.28
275 278 1466261373.28
275 278 1466261374.28
275 278 1466261375.28
275 278 1466261376.28
275 278 1466261377.28
126 49 1466261378.28
70 278 1466261379.28
70 278 1466261380.28
70 278 1466261381.28
70 278 1466261382.28
70 278 1466261383.28
70 278 1466261384.28
70 278 1466261385.28
70 278 1466261386.28
70 278 1466261387.28
70 278 1466261388.28
482 179 1466261419.28
482 179 1466261420.28
482 179 1466261421.28
482 179 1466261422.28
482 179 1466261423.28
482 179 1466261424.28
482 179 1466261425.28
482 179 1466261426.28
482 179 1466261427.28
482 179 1466261428.28
482 179 1466261429.28
482 179 1466261430.28
482 179 1466261431.28
482 179 1466261432.28
482 179 1466261433.28
482 179 1466261434.28
482 179 1466261435.28
482 179 1466261436.28
482 179 1466261437.28
482 179 1466261438.28
next 1466261469.28
126 49 1466261469.28
170 278 1466261470.28
170 278 1466261471.28
170 278 1466261472.28
170 278 1466261473.28
170 278 1466261474.28
170 278 1466261475.28
170 278 1466261476.28
170 278 1466261477.28
170 278 1466261478.28
170 278 1466261479.28
170 278 1466261480.28
170 278 1466261481.28
170 278 1466261482.28
170 278 1466261483.28
170 278 1466261484.28
170 278 1466261485.28
170 278 1466261486.28
126 49 1466261517.28
170 179 1466261518.28
170 179 1466261519.28
170 179 1466261520.28
170 179 1466261521.28
170 179 1466261522.28
170 179 1466261523.28
170 179 1466261524.28
170 179 1466261525.28
170 179 1466261526.28
170 179 1466261527.28
170 179 1466261528.28
170 179 1466261529.28
170 179 1466261530.28
170 179 1466261531.28
170 179 1466261532.28
126 49 1466261533.28
275 179 1466261534.28
275 179 1466261535.28
275 179 1466261536.28
275 179 1466261537.28
275 179 1466261538.28
275 179 1466261539.28
275 179 1466261540.28
275 179 1466261541.28
275 179 1466261542.28
275 179 1466261543.28
275 179 1466261544.28
275 179 1466261545.28
275 179 1466261546.28
170 278 1466261577.28
170 278 1466261578.28
170 278 1466261579.28
170 278 1466261580.28
170 278 1466261581.28
170 278 1466261582.28
170 278 1466261583.28
170 278 1466261584.28
170 278 1466261585.28
170 278 1466261586.28
170 278 1466261587.28
170 278 1466261588.28
170 278 1466261589.28
next 1466261590.28
126 49 1466261590.28
170 74 1466261591.28
170 74 1466261592.28
170 74 1466261593.28
170 74 1466261594.28
170 74 1466261595.28
170 74 1466261596.28
170 74 1466261597.28
170 74 1466261598.28
170 74 1466261599.28
170 74 1466261600.28
170 74 1466261601.28
170 74 1466261602.28
170 74 1466261603.28
170 74 1466261604.28
126 49 1466261635.28
126 49 1466261666.28
275 74 1466261667.28
275 74 1466261668.28
275 74 1466261669.28
275 74 1466261670.28
275 74 1466261671.28
275 74 1466261672.28
275 74 1466261673.28
275 74 1466261674.28
275 74 1466261675.28
275 74 1466261676.28
275 74 1466261677.28
275 74 1466261678.28
275 74 1466261679.28
275 74 1466261680.28
275 74 1466261681.28
next 1466261682.28
126 49 1466261712.28
482 179 1466261713.28
482 179 1466261714.28
482 179 1466261715.28
482 179 1466261716.28
482 179 1466261717.28
482 179 1466261718.28
482 179 1466261719.28
482 179 1466261720.28
482 179 1466261721.28
482 179 1466261722.28
126 49 1466261723.28
126 49 1466261754.28
next 1466261755.28
70 179 1466261785.28
70 179 1466261786.28
70 179 1466261787.28
70 179 1466261788.28
70 179 1466261789.28
70 179 1466261790.28
70 179 1466261791.28
70 179 1466261792.28
70 179 1466261793.28
70 179 1466261794.28
70 179 1466261795.28
70 179 1466261796.28
70 179 1466261797.28
70 179 1466261798.28
70 179 1466261799.28
70 179 1466261800.28
70 179 1466261801.28
70 179 1466261802.28
70 179 1466261803.28
70 179 1466261804.28
126 49 1466261805.28
126 49 1466261836.28
next 1466261867.28
275 179 1466261897.28
275 179 1466261898.28
275 179 1466261899.28
275 179 1466261900.28
275 179 1466261901.28
275 179 1466261902.28
275 179 1466261903.28
275 179 1466261904.28
275 179 1466261905.28
275 179 1466261906.28
275 179 1466261907.28
275 179 1466261908.28
275 179 1466261909.28
275 179 1466261910.28
275 179 1466261911.28
275 179 1466261912.28
482 179 1466261943.28
482 179 1466261944.28
482 179 1466261945.28
482 179 1466261946.28
482 179 1466261947.28
482 179 1466261948.28
482 179 1466261949.28
482 179 1466261950.28
482 179 1466261951.28
482 179 1466261952.28
482 179 1466261953.28
482 179 1466261954.28
482 179 1466261955.28
482 179 1466261956.28
482 179 1466261957.28
482 179 1466261958.28
482 179 1466261959.28
482 179 1466261960.28
126 49 1466261961.28
170 179 1466261962.28
170 179 1466261963.28
170 179 1466261964.28
170 179 1466261965.28
170 179 1466261966.28
170 179 1466261967.28
170 179 1466261968.28
170 179 1466261969.28
170 179 1466261970.28
170 179 1466261971.28
170 179 1466261972.28
170 179 1466261973.28
170 179 1466261974.28
170 179 1466261975.28
170 179 1466261976.28
170 179 1466261977.28
170 179 1466262008.28
170 179 1466262009.28
170 179 1466262010.28
170 179 1466262011.28
170 179 1466262012.28
170 179 1466262013.28
170 179 1466262014.28
170 179 1466262015.28
170 179 1466262016.28
170 179 1466262017.28
170 179 1466262018.28
next 1466262019.28
275 278 1466262049.28
275 278 1466262050.28
275 278 1466262051.28
275 278 1466262052.28
275 278 1466262053.28
275 278 1466262054.28
275 278 1466262055.28
275 278 1466262056.28
275 278 1466262057.28
275 278 1466262058.28
275 278 1466262059.28
275 278 1466262060.28
275 278 1466262061.28
275 278 1466262062.28
70 278 1466262093.28
70 278 1466262094.28
70 278 1466262095.28
70 278 1466262096.28
70 278 1466262097.28
70 278 1466262098.28
70 278 1466262099.28
70 278 1466262100.28
70 278 1466262101.28
70 278 1466262102.28
70 278 1466262103.28
70 278 1466262104.28
70 278 1466262105.28
70 278 1466262106.28
482 278 1466262137.28
482 278 1466262138.28
482 278 1466262139.28
482 278 1466262140.28
482 278 1466262141.28
482 278 1466262142.28
482 278 1466262143.28
482 278 1466262144.28
482 278 1466262145.28
482 278 1466262146.28
482 278 1466262147.28
482 278 1466262148.28
482 278 1466262149.28
482 278 1466262150.28
126 49 1466262151.28
70 179 1466262182.28
70 179 1466262183.28
70 179 1466262184.28
70 179 1466262185.28
70 179 1466262186.28
70 179 1466262187.28
70 179 1466262188.28
70 179 1466262189.28
70 179 1466262190.28
70 179 1466262191.28
70 179 1466262192.28
70 179 1466262193.28
70 179 1466262194.28
70 179 1466262195.28
70 179 1466262196.28
70 179 1466262197.28
70 179 1466262198.28
126 49 1466262199.28
next 1466262200.28
70 179 1466262230.28
70 179 1466262231.28
70 179 1466262232.28
70 179 1466262233.28
70 179 1466262234.28
70 179 1466262235.28
70 179 1466262236.28
70 179 1466262237.28
70 179 1466262238.28
70 179 1466262239.28
70 179 1466262240.28
70 179 1466262241.28
70 179 1466262242.28
70 179 1466262243.28
70 179 1466262244.28
70 179 1466262245.28
70 179 1466262246.28
126 49 1466262247.28
275 179 1466262248.28
275 179 1466262249.28
275 179 1466262250.28
275 179 1466262251.28
275 179 1466262252.28
275 179 1466262253.28
275 179 1466262254.28
275 179 1466262255.28
275 179 1466262256.28
275 179 1466262257.28
275 179 1466262258.28
275 179 1466262259.28
126 49 1466262260.28
next 1466262261.28
70 278 1466262261.28
70 278 1466262262.28
70 278 1466262263.28
70 278 1466262264.28
70 278 1466262265.28
70 278 1466262266.28
70 278 1466262267.28
70 278 1466262268.28
70 278 1466262269.28
70 278 1466262270.28
70 278 1466262271.28
70 278 1466262272.28
70 278 1466262273.28
70 278 1466262274.28
70 278 1466262275.28
70 278 1466262276.28
70 278 1466262277.28
70 278 1466262278.28
70 278 1466262279.28
70 278 1466262280.28
126 49 1466262281.28
126 49 1466262312.28
70 179 1466262343.28
70 179 1466262344.28
70 179 1466262345.28
70 179 1466262346.28
70 179 1466262347.28
70 179 1466262348.28
70 179 1466262349.28
70 179 1466262350.28
70 179 1466262351.28
70 179 1466262352.28
70 179 1466262353.28
70 179 1466262354.28
70 179 1466262355.28
70 179 1466262356.28
70 179 1466262357.28
70 179 1466262358.28
70 179 1466262359.28
70 179 1466262360.28
70 179 1466262361.28
126 49 1466262392.28
70 179 1466262393.28
70 179 1466262394.28
70 179 1466262395.28
70 179 1466262396.28
70 179 1466262397.28
70 179 1466262398.28
70 179 1466262399.28
70 179 1466262400.28
70 179 1466262401.28
70 179 1466262402.28
70 179 1466262403.28
70 179 1466262404.28
70 179 1466262405.28
70 179 1466262406.28
70 179 1466262407.28
next 1466262408.28
275 74 1466262408.28
275 74 1466262409.28
275 74 1466262410.28
275 74 1466262411.28
275 74 1466262412.28
275 74 1466262413.28
275 74 1466262414.28
275 74 1466262415.28
275 74 1466262416.28
275 74 1466262417.28
482 179 1466262448.28
482 179 1466262449.28
482 179 1466262450.28
482 179 1466262451.28
482 179 1466262452.28
482 179 1466262453.28
482 179 1466262454.28
482 179 1466262455.28
482 179 1466262456.28
482 179 1466262457.28
482 179 1466262458.28
482 179 1466262459.28
482 179 1466262460.28
482 179 1466262461.28
482 179 1466262462.28
482 179 1466262463.28
482 179 1466262464.28
482 179 1466262465.28
482 179 1466262466.28
482 179 1466262467.28
126 49 1466262468.28
126 49 1466262499.28
482 74 1466262500.28
482 74 1466262501.28
482 74 1466262502.28
482 74 1466262503.28
482 74 1466262504.28
482 74 1466262505.28
482 74 1466262506.28
482 74 1466262507.28
482 74 1466262508.28
482 74 1466262509.28
482 74 1466262510.28
482 74 1466262511.28
482 74 1466262512.28
482 74 1466262513.28
126 49 1466262514.28
275 278 1466262515.28
275 278 1466262516.28
275 278 1466262517.28
275 278 1466262518.28
275 278 1466262519.28
275 278 1466262520.28
275 278 1466262521.28
275 278 1466262522.28
275 278 1466262523.28
275 278 1466262524.28
next 1466262525.28
126 49 1466262525.28
126 49 1466262556.28
170 278 1466262557.28
170 278 1466262558.28
170 278 1466262559.28
170 278 1466262560.28
170 278 1466262561.28
170 278 1466262562.28
170 278 1466262563.28
170 278 1466262564.28
170 278 1466262565.28
170 278 1466262566.28
170 278 1466262567.28
170 278 1466262568.28
170 278 1466262569.28
170 278 1466262570.28
170 278 1466262571.28
170 278 1466262572.28
170 278 1466262573.28
126 49 1466262604.28
next 1466262605.28
126 49 1466262635.28
170 278 1466262666.28
170 278 1466262667.28
170 278 1466262668.28
170 278 1466262669.28
170 278 1466262670.28
170 278 1466262671.28
170 278 1466262672.28
170 278 1466262673.28
170 278 1466262674.28
170 278 1466262675.28
170 278 1466262676.28
170 278 1466262677.28
170 278 1466262678.28
170 278 1466262679.28
170 278 1466262680.28
126 49 1466262681.28
170 179 1466262682.28
170 179 1466262683.28
170 179 1466262684.28
170 179 1466262685.28
170 179 1466262686.28
170 179 1466262687.28
170 179 1466262688.28
170 179 1466262689.28
170 179 1466262690.28
170 179 1466262691.28
170 179 1466262692.28
170 179 1466262693.28
170 179 1466262694.28
170 179 1466262695.28
170 179 1466262696.28
170 179 1466262697.28
126 49 1466262698.28
482 74 1466262729.28
482 74 1466262730.28
482 74 1466262731.28
482 74 1466262732.28
482 74 1466262733.28
482 74 1466262734.28
482 74 1466262735.28
482 74 1466262736.28
482 74 1466262737.28
482 74 1466262738.28
482 74 1466262739.28
482 74 1466262740.28
482 74 1466262741.28
482 74 1466262742.28
482 74 1466262743.28
482 74 1466262744.28
482 74 1466262745.28
482 74 1466262746.28
482 74 1466262747.28
482 74 1466262748.28
next 1466262749.28
126 49 1466262779.28
70 74 1466262780.28
70 74 1466262781.28
70 74 1466262782.28
70 74 1466262783.28
70 74 1466262784.28
70 74 1466262785.28
70 74 1466262786.28
70 74 1466262787.28
70 74 1466262788.28
70 74 1466262789.28
70 74 1466262790.28
126 49 1466262791.28
482 74 1466262792.28
482 74 1466262793.28
482 74 1466262794.28
482 74 1466262795.28
482 74 1466262796.28
482 74 1466262797.28
482 74 1466262798.28
482 74 1466262799.28
482 74 1466262800.28
482 74 1466262801.28
482 74 1466262802.28
482 74 1466262803.28
482 74 1466262804.28
482 74 1466262805.28
482 74 1466262806.28
482 74 1466262807.28
next 1466262838.28
70 278 1466262868.28
70 278 1466262869.28
70 278 1466262870.28
70 278 1466262871.28
70 278 1466262872.28
70 278 1466262873.28
70 278 1466262874.28
70 278 1466262875.28
70 278 1466262876.28
70 278 1466262877.28
126 49 1466262908.28
275 74 1466262909.28
275 74 1466262910.28
275 74 1466262911.28
275 74 1466262912.28
275 74 1466262913.28
275 74 1466262914.28
275 74 1466262915.28
275 74 1466262916.28
275 74 1466262917.28
275 74 1466262918.28
275 74 1466262919.28
275 74 1466262920.28
275 74 1466262921.28
275 74 1466262922.28
next 1466262953.28
126 49 1466262953.28
70 74 1466262954.28
70 74 1466262955.28
70 74 1466262956.28
70 74 1466262957.28
70 74 1466262958.28
70 74 1466262959.28
70 74 1466262960.28
70 74 1466262961.28
70 74 1466262962.28
70 74 1466262963.28
70 74 1466262964.28
70 74 1466262965.28
70 74 1466262966.28
70 74 1466262967.28
70 74 1466262968.28
70 74 1466262969.28
70 74 1466262970.28
126 49 1466263001.28
170 74 1466263032.28
170 74 1466263033.28
170 74 1466263034.28
170 74 1466263035.28
170 74 1466263036.28
170 74 1466263037.28
170 74 1466263038.28
170 74 1466263039.28
170 74 1466263040.28
170 74 1466263041.28
170 74 1466263042.28
170 74 1466263043.28
170 74 1466263044.28
170 74 1466263045.28
170 74 1466263046.28
170 74 1466263047.28
170 74 1466263048.28
126 49 1466263079.28
275 74 1466263080.28
275 74 1466263081.28
275 74 1466263082.28
275 74 1466263083.28
275 74 1466263084.28
275 74 1466263085.28
275 74 1466263086.28
275 74 1466263087.28
275 74 1466263088.28
275 74 1466263089.28
275 74 1466263090.28
275 74 1466263091.28
275 74 1466263092.28
275 74 1466263093.28
275 74 1466263094.28
126 49 1466263095.28
done 1466263096.28
