Case #1: 3 4 6 
Case #2: 22 31 43 48 57 75 79 
Case #3: 1 3 5 8 9 11 13 
Case #4: 11 16 19 23 27 
Case #5: 9 13 16 20 23 25 28 
Case #6: 7 12 
Case #7: 4 6 7 9 11 12 14 17 
Case #8: 4 5 6 
Case #9: 4 5 6 8 
Case #10: 22 23 24 25 26 27 28 
Case #11: 22 222 
Case #12: 10 12 13 21 25 27 32 
Case #13: 4 5 6 7 8 9 10 
Case #14: 3 4 7 11 16 19 21 
Case #15: 2 4 
Case #16: 8 9 13 16 18 
Case #17: 2 22 
Case #18: 91 129 143 185 202 214 234 273 285 297 
Case #19: 9 14 18 21 24 27 29 30 
Case #20: 4 5 6 7 10 12 13 
Case #21: 4 9 13 16 17 18 29 
Case #22: 4 7 
Case #23: 2 5 
Case #24: 2 3 5 6 8 10 12 
Case #25: 14 20 24 30 34 
Case #26: 2 3 4 5 6 7 8 9 10 11 
Case #27: 7 10 12 13 
Case #28: 3 4 5 
Case #29: 5 10 
Case #30: 2 3 4 
Case #31: 8 14 18 20 23 25 
Case #32: 4 7 10 12 
Case #33: 4 7 10 11 12 13 16 19 
Case #34: 1 2 3 
Case #35: 1 2 3 4 
Case #36: 9 19 29 39 49 59 69 79 89 99 
Case #37: 2 6 
Case #38: 7 9 10 13 14 17 19 22 24 26 
Case #39: 7 11 13 15 17 21 22 25 30 
Case #40: 3 4 5 7 9 
Case #41: 4 8 
Case #42: 10 13 14 18 20 21 22 
Case #43: 6 8 
Case #44: 6 9 14 17 
Case #45: 41 59 67 96 
Case #46: 13 15 20 25 27 31 34 35 41 
Case #47: 9 17 24 30 35 39 42 44 45 62 
Case #48: 1 2 3 4 
Case #49: 20 24 25 28 30 33 34 39 43 47 
Case #50: 4 6 9 
