Case #1: CAB
Case #2: MJA
Case #3: OCDE
Case #4: BBAAA
Case #5: CCCABBBAB
Case #6: CCCBAABAB
Case #7: ZXCASDQWE
Case #8: BBA
Case #9: CCCCCBBBBBAAAAA
Case #10: CCCCCABABBABBAB
Case #11: CCCCCBBBBBAAAAA
Case #12: MMBDHIJLAKGFECA
Case #13: CCCCCCCCBBAABAB
Case #14: YXTQLKJBQJSFGKH
Case #15: MMLAKIHGFABCDEJ
Case #16: ZABCD
Case #17: CCCCCBBBBBAAAAA
Case #18: OMDJAEFBHIKLNGC
Case #19: CCCCCBBBBBABAAA
Case #20: ONDBAEFGHIJKLMC
Case #21: DCCCCBBAAAABBA
Case #22: BAA
Case #23: BAAA
Case #24: RRBAACADABA
Case #25: BAAA
Case #26: OHBDKJCAGLENFMI
Case #27: OMIDKJLHGFAENBC
Case #28: BA
Case #29: MMALJHFEDCABGIK
Case #30: ZWWJDJMNWHDPYFP
Case #31: OMCBDEFGINKLAHJ
Case #32: OMNLKJDHGAEICBF
Case #33: CCBABAABBBAAABA
Case #34: CCCBBAAAAAAAB
Case #35: CBA
Case #36: CBA
Case #37: DCCCCBBBBBABABB
Case #38: CCCCCBBABBBBAAA
Case #39: MMJAIHABCDEFGKL
Case #40: ZZXQKSRHMRLBFRF
Case #41: AAA
Case #42: MMJHFEDCBAALKIG
Case #43: DCCCCCBBBAAAAAA
Case #44: Z
Case #45: BAAA
Case #46: BAAA
Case #47: AA
Case #48: ZDABC
Case #49: CCCCABABABBBBBA
Case #50: CBBAAABABAAABAA
Case #51: BB
Case #52: ZABYCXDWEU
Case #53: BBA
Case #54: ZEDCBAYXWU
Case #55: CCCCABBABAABAAA
Case #56: CCCCCCCBABBAAAB
Case #57: BA
Case #58: ONJBAGKFCEHIMDL
Case #59: CCCCCBBBBBAAAAA
Case #60: ONMLJEKCHIGFADB
Case #61: CBBBBBBAAAAAA
Case #62: BBBBBAAAAAAAA
Case #63: ZZTYVWXQVBMVGFR
Case #64: CCCCCBBAAAAABBB
Case #65: BBA
Case #66: CCCCCBABABBAAAA
Case #67: CCCCCBAAAAABAAB
Case #68: CCCABABAABBABAB
Case #69: CCCCCBBBBBAAAAA
Case #70: ZWKLFTSYJJSSXTV
Case #71: MMKJHGFECALIDBA
Case #72: CCBBABABAAABABA
Case #73: ZACBA
Case #74: OLNJKBIHGFEDCAM
Case #75: ZAYBXCWDUE
Case #76: CBBBAAAAAAAAB
Case #77: CCCCBBAAABABAAA
Case #78: CAB
Case #79: CCCCCBBBBBAAAAA
Case #80: BBB
Case #81: CBBBBBBAAAAAAA
Case #82: ZADBC
Case #83: BAA
Case #84: ZDCBA
Case #85: CCCBAABBAABAA
Case #86: ONMACDBFGHIJKLE
Case #87: CCCCCBBBBAAAAAB
Case #88: DCCCBBBAAAAABB
Case #89: CCCCCBBBBBAAAAA
Case #90: CCCCBBBBBAABAAA
Case #91: BAA
Case #92: CBA
Case #93: CCCCCCBBBAAABAA
Case #94: ZAAAA
Case #95: CBA
Case #96: A
Case #97: DDCCBBBBABAAAA
Case #98: CCCCBBBAAABBAAB
Case #99: CCCCCCBABAAAABB
Case #100: CCCCCABBBBAABAA
